<?xml version="1.0" encoding="utf-8"?><testsuites name="pytest tests"><testsuite name="pytest" errors="0" failures="0" skipped="0" tests="13" time="3.766" timestamp="2026-07-16T19:09:23.455982+00:00" hostname="agent-env-afecfab5-c7a4-4bb0-8ad4-da9947875b91"><testcase classname="tests.test_news_min_score_fix.TestScoreHeadlineMinScore" name="test_weak_headline_rejected_at_default_strict_bar" time="0.001" /><testcase classname="tests.test_news_min_score_fix.TestScoreHeadlineMinScore" name="test_weak_headline_accepted_with_min_score_zero" time="0.000" /><testcase classname="tests.test_news_min_score_fix.TestScoreHeadlineMinScore" name="test_strong_catalyst_headline_passes_both_bars" time="0.000" /><testcase classname="tests.test_news_min_score_fix.TestScoreHeadlineMinScore" name="test_negative_headline_rejected_regardless_of_min_score" time="0.000" /><testcase classname="tests.test_news_min_score_fix.TestCheckAlpacaNewsMinScoreDecoupling" name="test_default_call_signature_unchanged_min_score_10" time="0.000" /><testcase classname="tests.test_news_min_score_fix.TestCheckAlpacaNewsMinScoreDecoupling" name="test_default_vs_relaxed_min_score_can_differ_for_liquid_symbol" time="0.262" /><testcase classname="tests.test_news_min_score_fix.TestCheckAlpacaNewsMinScoreDecoupling" name="test_scan_stocks_news_check_site_uses_strict_default" time="0.003" /><testcase classname="tests.test_news_min_score_fix.TestNewsDisplayEndpoint" name="test_liquid_symbol_returns_real_news[AAPL]" time="0.760" /><testcase classname="tests.test_news_min_score_fix.TestNewsDisplayEndpoint" name="test_liquid_symbol_returns_real_news[TSLA]" time="0.219" /><testcase classname="tests.test_news_min_score_fix.TestNewsDisplayEndpoint" name="test_liquid_symbol_returns_real_news[NVDA]" time="0.167" /><testcase classname="tests.test_news_min_score_fix.TestNewsDisplayEndpoint" name="test_liquid_symbol_returns_real_news[AMD]" time="0.140" /><testcase classname="tests.test_news_min_score_fix.TestNewsDisplayEndpoint" name="test_news_source_field_present_when_has_news" time="0.159" /><testcase classname="tests.test_news_min_score_fix.TestNewsDisplayEndpoint" name="test_requires_auth" time="0.108" /></testsuite></testsuites>