<?xml version="1.0" encoding="utf-8"?><testsuites name="pytest tests"><testsuite name="pytest" errors="0" failures="2" skipped="1" tests="79" time="94.243" timestamp="2026-07-14T19:18:45.160356+00:00" hostname="agent-env-afecfab5-c7a4-4bb0-8ad4-da9947875b91"><testcase classname="tests.test_first_pullback_strategy.TestFirstPullbackPattern" name="test_valid_first_pullback_2_red_candles" time="0.001" /><testcase classname="tests.test_first_pullback_strategy.TestFirstPullbackPattern" name="test_50pct_rule_rejects_deep_retracement" time="0.000" /><testcase classname="tests.test_first_pullback_strategy.TestFirstPullbackPattern" name="test_breakout_must_exceed_prior_candle_high" time="0.000" /><testcase classname="tests.test_first_pullback_strategy.TestFirstPullbackPattern" name="test_too_many_red_candles_invalid" time="0.000" /><testcase classname="tests.test_first_pullback_strategy.TestFirstPullbackPattern" name="test_no_red_candles_before_latest_bar_invalid" time="0.000" /><testcase classname="tests.test_first_pullback_strategy.TestFirstPullbackPattern" name="test_stop_loss_is_structural_pullback_low_not_a_flat_pct" time="0.000" /><testcase classname="tests.test_auto_trader_exit_logic.TestTradingHours" name="test_is_trading_hours_method_exists" time="0.000" /><testcase classname="tests.test_auto_trader_exit_logic.TestTradingHours" name="test_trading_hours_returns_boolean" time="0.007" /><testcase classname="tests.test_auto_trader_exit_logic.TestTradingHours" name="test_trading_hours_false_on_saturday" time="0.001" /><testcase classname="tests.test_auto_trader_exit_logic.TestTradingHours" name="test_trading_hours_false_on_sunday" time="0.001" /><testcase classname="tests.test_auto_trader_exit_logic.TestTradingHours" name="test_trading_hours_true_on_weekday_during_window" time="0.001" /><testcase classname="tests.test_security_and_trading.TestAuth" name="test_no_header_401" time="0.350" /><testcase classname="tests.test_security_and_trading.TestAuth" name="test_wrong_token_401" time="0.143" /><testcase classname="tests.test_auth_and_account_safety.TestLoginFlow" name="test_correct_credentials_return_jwt" time="0.375" /><testcase classname="tests.test_auth_and_account_safety.TestLoginFlow" name="test_wrong_password_401" time="0.437" /><testcase classname="tests.test_security_and_trading.TestAuth" name="test_malformed_header_401" time="0.252" /><testcase classname="tests.test_security_and_trading.TestAuth" name="test_correct_token_200" time="0.173" /><testcase classname="tests.test_auth_and_account_safety.TestLoginFlow" name="test_wrong_email_401" time="0.157" /><testcase classname="tests.test_security_and_trading.TestAuth" name="test_settings_requires_auth" time="0.143" /><testcase classname="tests.test_auth_and_account_safety.TestLoginFlow" name="test_me_endpoint_with_valid_token" time="0.187" /><testcase classname="tests.test_auto_trader_exit_logic.TestNoReEntryRule" name="test_exited_today_initialized_empty" time="0.000" /><testcase classname="tests.test_auto_trader_exit_logic.TestNoReEntryRule" name="test_exited_today_cleared_on_daily_reset" time="0.000" /><testcase classname="tests.test_auto_trader_exit_logic.TestNoReEntryRule" name="test_symbol_blocked_after_exit" time="0.000" /><testcase classname="tests.test_auto_trader_exit_logic.TestNoReEntryRule" name="test_check_entry_signals_skips_exited_stocks" time="0.000" /><testcase classname="tests.test_float_and_analytics.TestAnalyticsBounded" name="test_trade_history_analytics_default" time="0.151" /><testcase classname="tests.test_auth_and_account_safety.TestLoginFlow" name="test_me_endpoint_without_token_401" time="0.141" /><testcase classname="tests.test_float_and_analytics.TestAnalyticsBounded" name="test_trade_history_analytics_alltime" time="0.142" /><testcase classname="tests.test_auth_and_account_safety.TestLoginFlow" name="test_old_static_token_no_longer_works" time="0.143" /><testcase classname="tests.test_float_and_analytics.TestAnalyticsBounded" name="test_missed_opportunities_analytics_default" time="0.146" /><testcase classname="tests.test_security_and_trading.TestSettingsMasking" name="test_get_settings_never_leaks_raw_keys" time="0.142" /><testcase classname="tests.test_float_and_analytics.TestAnalyticsBounded" name="test_missed_opportunities_analytics_alltime" time="0.166" /><testcase classname="tests.test_security_and_trading.TestSettingsMasking" name="test_post_settings_valid_sma" time="0.177" /><testcase classname="tests.test_security_and_trading.TestOrderValidation" name="test_qty_zero_rejected" time="0.157" /><testcase classname="tests.test_security_and_trading.TestSettingsMasking" name="test_post_settings_short_gte_long_rejected" time="0.062" /><testcase classname="tests.test_security_and_trading.TestSettingsMasking" name="test_post_settings_rejects_extra_secret_fields_silently_ignored" time="0.067" /><testcase classname="tests.test_security_and_trading.TestOrderValidation" name="test_qty_negative_rejected" time="0.066" /><testcase classname="tests.test_auto_trader_exit_logic.TestTrailingStopLogic" name="test_trailing_stop_initial_calculation" time="0.001" /><testcase classname="tests.test_auto_trader_exit_logic.TestTrailingStopLogic" name="test_trailing_stop_updates_on_price_increase" time="0.000" /><testcase classname="tests.test_auto_trader_exit_logic.TestTrailingStopLogic" name="test_trailing_stop_never_moves_down" time="0.000" /><testcase classname="tests.test_auto_trader_exit_logic.TestRiskLimits" name="test_daily_max_loss_blocks_trading" time="0.000" /><testcase classname="tests.test_auto_trader_exit_logic.TestRiskLimits" name="test_consecutive_losses_blocks_trading" time="0.000" /><testcase classname="tests.test_auto_trader_exit_logic.TestRiskLimits" name="test_risk_ok_when_within_limits" time="0.000" /><testcase classname="tests.test_first_pullback_strategy.TestBreakoutOrBailout" name="test_bailout_triggers_after_grace_period_if_not_profitable" time="0.000" /><testcase classname="tests.test_first_pullback_strategy.TestBreakoutOrBailout" name="test_bailout_does_not_trigger_within_grace_period" time="0.000" /><testcase classname="tests.test_first_pullback_strategy.TestBreakoutOrBailout" name="test_bailout_does_not_trigger_if_already_profitable" time="0.000" /><testcase classname="tests.test_security_and_trading.TestUnifiedPersistence" name="test_trade_history_get_works" time="0.158" /><testcase classname="tests.test_security_and_trading.TestOrderValidation" name="test_invalid_side_rejected" time="0.090" /><testcase classname="tests.test_security_and_trading.TestOrderValidation" name="test_stop_loss_pct_out_of_bounds_rejected" time="0.064" /><testcase classname="tests.test_security_and_trading.TestUnifiedPersistence" name="test_missed_opportunities_get_works" time="0.088" /><testcase classname="tests.test_security_and_trading.TestUnifiedPersistence" name="test_log_trade_then_appears_in_history" time="0.297" /><testcase classname="tests.test_auto_trader_exit_logic.TestPartialSellLogic" name="test_partial_sell_triggered_at_profit_target" time="0.001" /><testcase classname="tests.test_auto_trader_exit_logic.TestPartialSellLogic" name="test_stop_moves_to_breakeven_after_partial_sell" time="0.000" /><testcase classname="tests.test_auto_trader_exit_logic.TestPositionSizing" name="test_position_size_calculation" time="0.000" /><testcase classname="tests.test_auto_trader_exit_logic.TestPositionSizing" name="test_position_size_minimum_one_share" time="0.000" /><testcase classname="tests.test_first_pullback_strategy.TestMaxStopDistanceSafetyCap" name="test_stop_within_cap_is_acceptable" time="0.000" /><testcase classname="tests.test_first_pullback_strategy.TestMaxStopDistanceSafetyCap" name="test_stop_beyond_cap_should_be_rejected" time="0.000" /><testcase classname="tests.test_float_and_analytics.TestScannerRealFloat" name="test_demo_scan_instant" time="0.223" /><testcase classname="tests.test_trading_mode_toggle.TestGoLiveConfirmationGating" name="test_switch_live_missing_confirm_rejected" time="0.518" /><testcase classname="tests.test_trading_mode_toggle.TestGoLiveConfirmationGating" name="test_switch_live_wrong_case_confirm_rejected" time="0.127" /><testcase classname="tests.test_float_and_analytics.TestScannerRealFloat" name="test_real_scan_float_data_consistent" time="3.291" /><testcase classname="tests.test_trading_mode_toggle.TestGoLiveConfirmationGating" name="test_switch_live_correct_confirm_succeeds" time="0.289" /><testcase classname="tests.test_security_and_trading.TestRealDataOnly" name="test_market_bars_real_source" time="18.569" /><testcase classname="tests.test_security_and_trading.TestCORS" name="test_allowed_origin_reflected" time="0.002" /><testcase classname="tests.test_security_and_trading.TestCORS" name="test_disallowed_origin_not_reflected" time="0.001" /><testcase classname="tests.test_auth_and_account_safety.TestBruteForceLockout" name="test_lockout_after_5_failed_attempts" time="0.019"><failure message="AssertionError: attempt 5 expected 401, got 429&#10;assert 429 == 401&#10; +  where 429 = &lt;Response [429]&gt;.status_code">self = &lt;tests.test_auth_and_account_safety.TestBruteForceLockout object at 0xf8e379188cd0&gt;

    def test_lockout_after_5_failed_attempts(self):
        wrong_email = "TEST_lockout_user@example.com"
        for i in range(5):
            r = requests.post(f"{self.LOCAL_URL}/api/auth/login", json={"email": wrong_email, "password": "wrong"})
&gt;           assert r.status_code == 401, f"attempt {i+1} expected 401, got {r.status_code}"
E           AssertionError: attempt 5 expected 401, got 429
E           assert 429 == 401
E            +  where 429 = &lt;Response [429]&gt;.status_code

tests/test_auth_and_account_safety.py:90: AssertionError</failure></testcase><testcase classname="tests.test_auth_and_account_safety.TestAccountSafety" name="test_account_is_paper_account" time="0.577" /><testcase classname="tests.test_auth_and_account_safety.TestMarketDataSource" name="test_market_bars_source_field" time="0.483" /><testcase classname="tests.test_first_pullback_strategy.TestTwoToOneTarget" name="test_target_is_entry_plus_2x_structural_risk" time="0.000" /><testcase classname="tests.test_security_and_trading.TestRateLimiting" name="test_orders_rate_limited_after_20_per_minute" time="0.041" /><testcase classname="tests.test_security_and_trading.TestNoFakeBuyingPower" name="test_no_day_trading_simulation_code" time="0.000" /><testcase classname="tests.test_security_and_trading.TestResponsiveness" name="test_simple_get_responds_quickly" time="0.133" /><testcase classname="tests.test_trading_mode_toggle.TestTradingModeInitialState" name="test_get_trading_mode_initial" time="0.507" /><testcase classname="tests.test_trading_mode_toggle.TestAutoTraderBlockedInLiveMode" name="test_auto_trader_blocked_while_live" time="0.303" /><testcase classname="tests.test_trading_mode_toggle.TestAccountSwitchesBetweenPaperAndLive" name="test_account_number_differs_between_modes" time="0.407" /><testcase classname="tests.test_trading_mode_toggle.TestSwitchBackToPaperNoConfirmNeeded" name="test_switch_to_paper_requires_no_confirm" time="0.230" /><testcase classname="tests.test_trading_mode_toggle.TestRestartPersistence" name="test_live_mode_persists_across_restart_and_autotrader_forced_off" time="0.057"><skipped type="pytest.skip" message="Restarts the shared backend via supervisor - disruptive to other tests running concurrently under the default -n 2 xdist workers. Run explicitly in isolation with RUN_RESTART_TEST=1 and -n 0.">/app/backend/tests/test_trading_mode_toggle.py:170: Restarts the shared backend via supervisor - disruptive to other tests running concurrently under the default -n 2 xdist workers. Run explicitly in isolation with RUN_RESTART_TEST=1 and -n 0.</skipped></testcase><testcase classname="tests.test_security_and_trading.TestRealDataOnly" name="test_entry_conditions_invalid_symbol_no_fake_data" time="9.241" /><testcase classname="tests.test_security_and_trading.TestAutoTrader" name="test_toggle_enable_and_status" time="0.266" /><testcase classname="tests.test_security_and_trading.TestAutoTrader" name="test_manual_process_trigger_no_arity_bug" time="60.266"><failure message="assert 502 == 200&#10; +  where 502 = &lt;Response [502]&gt;.status_code">self = &lt;tests.test_security_and_trading.TestAutoTrader object at 0xfdb4d6f3ee50&gt;
session = &lt;requests.sessions.Session object at 0xfdb4d6d74350&gt;

    def test_manual_process_trigger_no_arity_bug(self, session):
        """
        process_scanner_results(scanner_results, portfolio_value) takes 2 args.
        Since Alpaca isn't configured, get_account() raises and the endpoint
        wraps it as a clean 500 "Alpaca API not configured" - that is expected
        here. What we assert is that it's NOT a TypeError/arity crash (which
        would leak a Python traceback mentioning "positional argument").
        """
        session.post(f"{BASE_URL}/api/auto-trader/toggle", params={"enabled": True})
        try:
            r = session.post(f"{BASE_URL}/api/auto-trader/process")
            if r.status_code == 500:
                assert "Alpaca API not configured" in r.text
                assert "positional argument" not in r.text
                assert "TypeError" not in r.text
            else:
&gt;               assert r.status_code == 200
E               assert 502 == 200
E                +  where 502 = &lt;Response [502]&gt;.status_code

tests/test_security_and_trading.py:244: AssertionError</failure></testcase></testsuite></testsuites>