<?xml version="1.0" encoding="utf-8"?><testsuites name="pytest tests"><testsuite name="pytest" errors="0" failures="0" skipped="0" tests="6" time="24.609" timestamp="2026-07-16T17:45:29.803879+00:00" hostname="agent-env-afecfab5-c7a4-4bb0-8ad4-da9947875b91"><testcase classname="tests.test_dual_key_and_sizing.TestAccountMargin" name="test_account_endpoint_shape" time="0.673" /><testcase classname="tests.test_dual_key_and_sizing.TestDualKeyDataPool" name="test_scanner_momentum_no_errors" time="15.758" /><testcase classname="tests.test_dual_key_and_sizing.TestAccountMargin" name="test_margin_buying_power_formula" time="0.086" /><testcase classname="tests.test_dual_key_and_sizing.TestDualKeyDataPool" name="test_scanner_scan_post" time="0.158" /><testcase classname="tests.test_dual_key_and_sizing.TestDualKeyDataPool" name="test_market_bars_symbol" time="7.285" /><testcase classname="tests.test_dual_key_and_sizing.TestDualKeyDataPool" name="test_account_after_scan_no_auth_errors" time="0.103" /></testsuite></testsuites>