<?xml version="1.0" encoding="utf-8"?><testsuites name="pytest tests"><testsuite name="pytest" errors="0" failures="0" skipped="0" tests="17" time="2.017" timestamp="2026-07-21T21:38:47.447540+00:00" hostname="agent-env-afecfab5-c7a4-4bb0-8ad4-da9947875b91"><testcase classname="tests.test_no_news_scalp_mode.TestNoNewsScalpCandidateFlag" name="test_4_of_5_no_news_is_candidate" time="0.001" /><testcase classname="tests.test_no_news_scalp_mode.TestNoNewsScalpCandidateFlag" name="test_5_of_5_with_news_is_not_candidate" time="0.000" /><testcase classname="tests.test_no_news_scalp_mode.TestNoNewsScalpEntryGating" name="test_disabled_by_default_returns_none" time="0.001" /><testcase classname="tests.test_no_news_scalp_mode.TestNoNewsScalpCandidateFlag" name="test_4_of_5_missing_a_different_pillar_is_not_candidate" time="0.000" /><testcase classname="tests.test_no_news_scalp_mode.TestNoNewsScalpEntryGating" name="test_enabled_but_not_a_candidate_returns_none" time="0.001" /><testcase classname="tests.test_no_news_scalp_mode.TestNoNewsScalpEntryGating" name="test_already_open_position_returns_none" time="0.001" /><testcase classname="tests.test_no_news_scalp_mode.TestNoNewsScalpEntryGating" name="test_exited_today_returns_none" time="0.001" /><testcase classname="tests.test_no_news_scalp_mode.TestNoNewsScalpCandidateFlag" name="test_3_of_5_no_news_is_not_candidate" time="0.000" /><testcase classname="tests.test_no_news_scalp_mode.TestNoNewsMaxStopPct" name="test_tier_2_to_5" time="0.001" /><testcase classname="tests.test_no_news_scalp_mode.TestNoNewsScalpEntryGating" name="test_valid_pattern_within_tiered_stop_returns_signal" time="0.001" /><testcase classname="tests.test_no_news_scalp_mode.TestNoNewsMaxStopPct" name="test_tier_5_to_10" time="0.000" /><testcase classname="tests.test_no_news_scalp_mode.TestNoNewsScalpEntryGating" name="test_structural_stop_too_far_for_tier_skips" time="0.001" /><testcase classname="tests.test_no_news_scalp_mode.TestNoNewsMaxStopPct" name="test_tier_10_to_20" time="0.000" /><testcase classname="tests.test_no_news_scalp_mode.TestNoNewsScalpExecution" name="test_position_size_reduced_and_strategy_tagged" time="0.001" /><testcase classname="tests.test_no_news_scalp_mode.TestNoNewsMaxStopPct" name="test_at_20_uses_last_tier" time="0.001" /><testcase classname="tests.test_no_news_scalp_mode.TestNoNewsScalpBailoutTiming" name="test_bailout_seconds_selection_logic" time="0.000" /><testcase classname="tests.test_no_news_scalp_mode.TestNoNewsScalpExecution" name="test_normal_entry_not_reduced_and_tagged_normally" time="0.001" /></testsuite></testsuites>