<?xml version="1.0" encoding="utf-8"?><testsuites name="pytest tests"><testsuite name="pytest" errors="0" failures="1" skipped="0" tests="45" time="11.664" timestamp="2026-07-16T18:46:39.307174+00:00" hostname="agent-env-afecfab5-c7a4-4bb0-8ad4-da9947875b91"><testcase classname="tests.test_auth_and_account_safety.TestLoginFlow" name="test_correct_credentials_return_jwt" time="0.330" /><testcase classname="tests.test_auth_and_account_safety.TestLoginFlow" name="test_wrong_password_401" time="0.519" /><testcase classname="tests.test_stop_loss_dedup_fix.TestOrdersStatusRegression" name="test_get_orders_status_returns_200[open]" time="0.886" /><testcase classname="tests.test_auth_and_account_safety.TestLoginFlow" name="test_wrong_email_401" time="0.159" /><testcase classname="tests.test_stop_loss_dedup_fix.TestOrdersStatusRegression" name="test_get_orders_status_returns_200[new]" time="0.146" /><testcase classname="tests.test_auth_and_account_safety.TestLoginFlow" name="test_me_endpoint_with_valid_token" time="0.110" /><testcase classname="tests.test_stop_loss_dedup_fix.TestOrdersStatusRegression" name="test_get_orders_status_returns_200[closed]" time="0.131" /><testcase classname="tests.test_auth_and_account_safety.TestLoginFlow" name="test_me_endpoint_without_token_401" time="0.168" /><testcase classname="tests.test_stop_loss_dedup_fix.TestOrdersStatusRegression" name="test_get_orders_status_returns_200[all]" time="0.585" /><testcase classname="tests.test_auth_and_account_safety.TestLoginFlow" name="test_old_static_token_no_longer_works" time="0.117" /><testcase classname="tests.test_stop_loss_dedup_fix.TestSellWithDedup" name="test_fresh_pending_order_skips_resubmit" time="0.003" /><testcase classname="tests.test_stop_loss_dedup_fix.TestSellWithDedup" name="test_stale_pending_order_cancelled_and_replaced" time="0.002" /><testcase classname="tests.test_stop_loss_dedup_fix.TestSellWithDedup" name="test_no_open_orders_places_sell_directly" time="0.002" /><testcase classname="tests.test_stop_loss_dedup_fix.TestSellWithDedup" name="test_ignores_open_buy_orders_only_checks_sell" time="0.002" /><testcase classname="tests.test_stop_loss_dedup_fix.TestSellWithDedup" name="test_get_open_orders_exception_falls_back_to_place_order" time="0.002" /><testcase classname="tests.test_security_and_trading.TestAuth" name="test_no_header_401" time="0.103" /><testcase classname="tests.test_security_and_trading.TestAuth" name="test_wrong_token_401" time="0.101" /><testcase classname="tests.test_security_and_trading.TestAuth" name="test_malformed_header_401" time="0.118" /><testcase classname="tests.test_security_and_trading.TestAuth" name="test_correct_token_200" time="0.111" /><testcase classname="tests.test_stop_loss_dedup_fix.TestOrdersStatusRegression" name="test_get_orders_status_returns_200[bogus_status_xyz]" time="0.156" /><testcase classname="tests.test_security_and_trading.TestAuth" name="test_settings_requires_auth" time="0.111" /><testcase classname="tests.test_stop_loss_dedup_fix.TestOrdersStatusRegression" name="test_get_orders_default_no_status_param" time="0.165" /><testcase classname="tests.test_security_and_trading.TestSettingsMasking" name="test_get_settings_never_leaks_raw_keys" time="0.055" /><testcase classname="tests.test_security_and_trading.TestSettingsMasking" name="test_post_settings_valid_sma" time="0.105" /><testcase classname="tests.test_security_and_trading.TestOrderValidation" name="test_qty_zero_rejected" time="0.131" /><testcase classname="tests.test_security_and_trading.TestSettingsMasking" name="test_post_settings_short_gte_long_rejected" time="0.047" /><testcase classname="tests.test_security_and_trading.TestSettingsMasking" name="test_post_settings_rejects_extra_secret_fields_silently_ignored" time="0.098" /><testcase classname="tests.test_security_and_trading.TestOrderValidation" name="test_qty_negative_rejected" time="0.064" /><testcase classname="tests.test_security_and_trading.TestOrderValidation" name="test_invalid_side_rejected" time="0.069" /><testcase classname="tests.test_security_and_trading.TestUnifiedPersistence" name="test_trade_history_get_works" time="0.058" /><testcase classname="tests.test_security_and_trading.TestUnifiedPersistence" name="test_missed_opportunities_get_works" time="0.060" /><testcase classname="tests.test_security_and_trading.TestOrderValidation" name="test_stop_loss_pct_out_of_bounds_rejected" time="0.065" /><testcase classname="tests.test_security_and_trading.TestUnifiedPersistence" name="test_log_trade_then_appears_in_history" time="0.108" /><testcase classname="tests.test_security_and_trading.TestCORS" name="test_allowed_origin_reflected" time="0.002" /><testcase classname="tests.test_security_and_trading.TestCORS" name="test_disallowed_origin_not_reflected" time="0.002" /><testcase classname="tests.test_security_and_trading.TestAutoTrader" name="test_toggle_enable_and_status" time="0.216" /><testcase classname="tests.test_security_and_trading.TestRealDataOnly" name="test_market_bars_real_source" time="0.256" /><testcase classname="tests.test_security_and_trading.TestAutoTrader" name="test_manual_process_trigger_no_arity_bug" time="5.220" /><testcase classname="tests.test_security_and_trading.TestRealDataOnly" name="test_entry_conditions_invalid_symbol_no_fake_data" time="0.446" /><testcase classname="tests.test_auth_and_account_safety.TestAccountSafety" name="test_account_is_paper_account" time="0.740"><failure message="AssertionError: STOP-SHIP: account_number is PA36RNHPHRUZ, expected paper account PA30RVV1A2DM&#10;assert 'PA36RNHPHRUZ' == 'PA30RVV1A2DM'&#10;  &#10;  - PA30RVV1A2DM&#10;  + PA36RNHPHRUZ">backend/tests/test_auth_and_account_safety.py:121: in test_account_is_paper_account
    assert data["account_number"] == EXPECTED_PAPER_ACCOUNT_NUMBER, (
E   AssertionError: STOP-SHIP: account_number is PA36RNHPHRUZ, expected paper account PA30RVV1A2DM
E   assert 'PA36RNHPHRUZ' == 'PA30RVV1A2DM'
E     
E     - PA30RVV1A2DM
E     + PA36RNHPHRUZ</failure></testcase><testcase classname="tests.test_security_and_trading.TestRateLimiting" name="test_orders_rate_limited_after_20_per_minute" time="3.675" /><testcase classname="tests.test_security_and_trading.TestNoFakeBuyingPower" name="test_no_day_trading_simulation_code" time="0.001" /><testcase classname="tests.test_security_and_trading.TestResponsiveness" name="test_simple_get_responds_quickly" time="0.149" /><testcase classname="tests.test_auth_and_account_safety.TestBruteForceLockout" name="test_lockout_after_5_failed_attempts" time="0.028" /><testcase classname="tests.test_auth_and_account_safety.TestMarketDataSource" name="test_market_bars_source_field" time="0.946" /></testsuite></testsuites>