<?xml version="1.0" encoding="utf-8"?><testsuites name="pytest tests"><testsuite name="pytest" errors="0" failures="5" skipped="2" tests="214" time="158.514" timestamp="2026-07-22T16:30:47.070830+00:00" hostname="agent-env-afecfab5-c7a4-4bb0-8ad4-da9947875b91"><testcase classname="tests.test_alpaca_news.TestAlpacaNewsAccess" name="test_news_client_configured" time="0.001" /><testcase classname="tests.test_alpaca_news.TestAlpacaNewsAccess" name="test_check_alpaca_news_returns_correct_shape" time="0.132" /><testcase classname="tests.test_alpaca_news.TestAlpacaNewsAccess" name="test_alpaca_news_finds_a_real_strong_catalyst_headline" time="0.229" /><testcase classname="tests.test_auth_and_account_safety.TestLoginFlow" name="test_correct_credentials_return_jwt" time="0.338" /><testcase classname="tests.test_auth_and_account_safety.TestLoginFlow" name="test_wrong_password_401" time="0.345" /><testcase classname="tests.test_auth_and_account_safety.TestLoginFlow" name="test_wrong_email_401" time="0.117" /><testcase classname="tests.test_auth_and_account_safety.TestLoginFlow" name="test_me_endpoint_with_valid_token" time="0.157" /><testcase classname="tests.test_auth_and_account_safety.TestLoginFlow" name="test_me_endpoint_without_token_401" time="0.105" /><testcase classname="tests.test_auth_and_account_safety.TestLoginFlow" name="test_old_static_token_no_longer_works" time="0.122" /><testcase classname="tests.test_auth_and_account_safety.TestBruteForceLockout" name="test_lockout_after_5_failed_attempts" time="0.023" /><testcase classname="tests.test_auth_and_account_safety.TestAccountSafety" name="test_account_is_paper_account" time="0.123" /><testcase classname="tests.test_auth_and_account_safety.TestMarketDataSource" name="test_market_bars_source_field" time="1.104" /><testcase classname="tests.test_auto_trader_exit_logic.TestNoReEntryRule" name="test_exited_today_initialized_empty" time="0.001" /><testcase classname="tests.test_auto_trader_exit_logic.TestNoReEntryRule" name="test_exited_today_cleared_on_daily_reset" time="0.008" /><testcase classname="tests.test_auto_trader_exit_logic.TestNoReEntryRule" name="test_symbol_blocked_after_exit" time="0.000" /><testcase classname="tests.test_auto_trader_exit_logic.TestNoReEntryRule" name="test_check_entry_signals_skips_exited_stocks" time="0.000" /><testcase classname="tests.test_auto_trader_exit_logic.TestTrailingStopLogic" name="test_trailing_stop_initial_calculation" time="0.000" /><testcase classname="tests.test_auto_trader_exit_logic.TestTrailingStopLogic" name="test_trailing_stop_updates_on_price_increase" time="0.000" /><testcase classname="tests.test_auto_trader_exit_logic.TestTrailingStopLogic" name="test_trailing_stop_never_moves_down" time="0.000" /><testcase classname="tests.test_auto_trader_exit_logic.TestPartialSellLogic" name="test_partial_sell_triggered_at_profit_target" time="0.000" /><testcase classname="tests.test_auto_trader_exit_logic.TestPartialSellLogic" name="test_stop_moves_to_breakeven_after_partial_sell" time="0.000" /><testcase classname="tests.test_auto_trader_exit_logic.TestPositionSizing" name="test_position_size_calculation" time="0.000" /><testcase classname="tests.test_auto_trader_exit_logic.TestPositionSizing" name="test_position_size_minimum_one_share" time="0.000" /><testcase classname="tests.test_auto_trader_exit_logic.TestRiskLimits" name="test_daily_max_loss_blocks_trading" time="0.000" /><testcase classname="tests.test_auto_trader_exit_logic.TestRiskLimits" name="test_consecutive_losses_blocks_trading" time="0.000" /><testcase classname="tests.test_auto_trader_exit_logic.TestRiskLimits" name="test_risk_ok_when_within_limits" time="0.000" /><testcase classname="tests.test_auto_trader_exit_logic.TestTradingHours" name="test_is_trading_hours_method_exists" time="0.000" /><testcase classname="tests.test_auto_trader_exit_logic.TestTradingHours" name="test_trading_hours_returns_boolean" time="0.000" /><testcase classname="tests.test_auto_trader_exit_logic.TestTradingHours" name="test_trading_hours_false_on_saturday" time="0.001" /><testcase classname="tests.test_auto_trader_exit_logic.TestTradingHours" name="test_trading_hours_false_on_sunday" time="0.001" /><testcase classname="tests.test_auto_trader_exit_logic.TestTradingHours" name="test_trading_hours_true_on_weekday_during_window" time="0.001" /><testcase classname="tests.test_bracket_order_at_entry.TestAutoTraderExecuteEntryPlacesBracketOrder" name="test_execute_entry_uses_bracket_order_with_structural_stop_and_target" time="0.002" /><testcase classname="tests.test_bracket_order_at_entry.TestAutoTraderExecuteEntryPlacesBracketOrder" name="test_execute_entry_falls_back_to_market_order_if_bracket_fails" time="0.002" /><testcase classname="tests.test_bracket_order_at_entry.TestSellWithRetryForceCancel" name="test_insufficient_qty_force_cancels_bracket_leg_and_retries" time="0.002" /><testcase classname="tests.test_bracket_order_at_entry.TestSellWithRetryForceCancel" name="test_unrelated_exception_does_not_force_cancel" time="0.005" /><testcase classname="tests.test_bracket_order_at_entry.TestManualBuyEndpointPlacesRealBracketOrder" name="test_trailing_stop_type_still_results_in_bracket_order_class" time="0.564"><failure message="AssertionError: {&quot;detail&quot;:&quot;{\&quot;buying_power\&quot;:\&quot;7.27\&quot;,\&quot;code\&quot;:40310000,\&quot;cost_basis\&quot;:\&quot;324.67\&quot;,\&quot;message\&quot;:\&quot;insufficient buying power\&quot;}&quot;}&#10;assert 500 == 200&#10; +  where 500 = &lt;Response [500]&gt;.status_code">self = &lt;tests.test_bracket_order_at_entry.TestManualBuyEndpointPlacesRealBracketOrder object at 0xf9bb9372e9d0&gt;
auth_headers = {'Authorization': 'Bearer eyJhbGciOiJIUzI1NiIsInR5cCI6IkpXVCJ9.eyJzdWIiOiJkYW5pZWwuci5taWxsbmVyQGdtYWlsLmNvbSIsImV4cCI6MTc4NzMyOTg1MiwidHlwZSI6ImFjY2VzcyJ9.nD9o82E-Kx9WHkT4RXDjxZmyXi9C85bs4rtwjSKa5Sk'}

    def test_trailing_stop_type_still_results_in_bracket_order_class(self, auth_headers):
        """QuickTradePanel's default stop_type is 'trailing' - before this
        fix, that path used a plain market order with ZERO resting
        protection. Now it should always come back with order_class
        'bracket' (unless Alpaca itself rejected the bracket, which is not
        expected for a liquid, regular-hours symbol like AAPL)."""
        resp = requests.post(f"{BASE_URL}/api/orders", headers=auth_headers, json={
            "symbol": "AAPL", "qty": 1, "side": "buy",
            "stop_loss_pct": 1, "take_profit_pct": 2, "stop_type": "trailing",
            "trailing_stop_pct": 1, "partial_sell_pct": 50,
            "partial_sell_trigger_pct": 2, "move_to_breakeven": True,
        })
&gt;       assert resp.status_code == 200, resp.text
E       AssertionError: {"detail":"{\"buying_power\":\"7.27\",\"code\":40310000,\"cost_basis\":\"324.67\",\"message\":\"insufficient buying power\"}"}
E       assert 500 == 200
E        +  where 500 = &lt;Response [500]&gt;.status_code

tests/test_bracket_order_at_entry.py:177: AssertionError</failure></testcase><testcase classname="tests.test_chart_bars_fix.TestBarsLimitCorrectness" name="test_1min_limit_780" time="2.302" /><testcase classname="tests.test_chart_bars_fix.TestBarsLimitCorrectness" name="test_5min_limit_156" time="0.711" /><testcase classname="tests.test_chart_bars_fix.TestBarsLimitCorrectness" name="test_bars_chronological_ascending" time="2.074" /><testcase classname="tests.test_chart_bars_fix.TestCalendarDayPaddingScaling" name="test_limit_scales_with_request" time="7.756" /><testcase classname="tests.test_chart_bars_fix.TestTradingModeNoRegression" name="test_trading_mode_still_paper" time="0.117" /><testcase classname="tests.test_dashboard_market_endpoints.TestLargeTrades" name="test_large_trades_shape_ok" time="0.437" /><testcase classname="tests.test_dashboard_market_endpoints.TestLargeTrades" name="test_large_trades_no_500_for_unknown_symbol" time="0.077" /><testcase classname="tests.test_dashboard_market_endpoints.TestTenSecBars" name="test_10sec_bars_graceful_no_data" time="0.064" /><testcase classname="tests.test_dashboard_market_endpoints.TestTenSecBars" name="test_1min_bars_use_rest_fallback" time="1.767" /><testcase classname="tests.test_dashboard_market_endpoints.TestTenSecBars" name="test_1day_bars_real_data" time="0.391" /><testcase classname="tests.test_dashboard_market_endpoints.TestNewsEndpoint" name="test_news_shape_ok" time="0.104" /><testcase classname="tests.test_dashboard_market_endpoints.TestNewsEndpoint" name="test_news_no_500_for_unknown_symbol" time="0.365" /><testcase classname="tests.test_dual_key_and_sizing.TestAccountMargin" name="test_account_endpoint_shape" time="0.435" /><testcase classname="tests.test_dual_key_and_sizing.TestAccountMargin" name="test_margin_buying_power_formula" time="0.078" /><testcase classname="tests.test_dual_key_and_sizing.TestDualKeyDataPool" name="test_scanner_momentum_no_errors" time="2.673" /><testcase classname="tests.test_dual_key_and_sizing.TestDualKeyDataPool" name="test_scanner_scan_post" time="0.080" /><testcase classname="tests.test_dual_key_and_sizing.TestDualKeyDataPool" name="test_market_bars_symbol" time="2.621" /><testcase classname="tests.test_dual_key_and_sizing.TestDualKeyDataPool" name="test_account_after_scan_no_auth_errors" time="0.074" /><testcase classname="tests.test_first_pullback_strategy.TestFirstPullbackPattern" name="test_valid_first_pullback_2_red_candles" time="0.001" /><testcase classname="tests.test_first_pullback_strategy.TestFirstPullbackPattern" name="test_50pct_rule_rejects_deep_retracement" time="0.000" /><testcase classname="tests.test_first_pullback_strategy.TestFirstPullbackPattern" name="test_breakout_must_exceed_prior_candle_high" time="0.000" /><testcase classname="tests.test_first_pullback_strategy.TestFirstPullbackPattern" name="test_too_many_red_candles_invalid" time="0.000" /><testcase classname="tests.test_first_pullback_strategy.TestFirstPullbackPattern" name="test_no_red_candles_before_latest_bar_invalid" time="0.000" /><testcase classname="tests.test_first_pullback_strategy.TestFirstPullbackPattern" name="test_stop_loss_is_structural_pullback_low_not_a_flat_pct" time="0.000" /><testcase classname="tests.test_first_pullback_strategy.TestTwoToOneTarget" name="test_target_is_entry_plus_2x_structural_risk" time="0.000" /><testcase classname="tests.test_first_pullback_strategy.TestMaxStopDistanceSafetyCap" name="test_stop_within_cap_is_acceptable" time="0.000" /><testcase classname="tests.test_first_pullback_strategy.TestMaxStopDistanceSafetyCap" name="test_stop_beyond_cap_should_be_rejected" time="0.000" /><testcase classname="tests.test_first_pullback_strategy.TestBreakoutOrBailout" name="test_bailout_triggers_after_grace_period_if_not_profitable" time="0.000" /><testcase classname="tests.test_first_pullback_strategy.TestBreakoutOrBailout" name="test_bailout_does_not_trigger_within_grace_period" time="0.000" /><testcase classname="tests.test_first_pullback_strategy.TestBreakoutOrBailout" name="test_bailout_does_not_trigger_if_already_profitable" time="0.000" /><testcase classname="tests.test_float_and_analytics.TestAnalyticsBounded" name="test_trade_history_analytics_default" time="0.142" /><testcase classname="tests.test_float_and_analytics.TestAnalyticsBounded" name="test_trade_history_analytics_alltime" time="0.140" /><testcase classname="tests.test_float_and_analytics.TestAnalyticsBounded" name="test_missed_opportunities_analytics_default" time="0.132" /><testcase classname="tests.test_float_and_analytics.TestAnalyticsBounded" name="test_missed_opportunities_analytics_alltime" time="0.109" /><testcase classname="tests.test_float_and_analytics.TestScannerRealFloat" name="test_demo_scan_instant" time="0.112" /><testcase classname="tests.test_float_and_analytics.TestScannerRealFloat" name="test_real_scan_float_data_consistent" time="3.218" /><testcase classname="tests.test_hod_psych_topping_tail_strategy.TestAutoTraderStatusDefaults" name="test_status_returns_new_strategy_fields" time="0.443" /><testcase classname="tests.test_hod_psych_topping_tail_strategy.TestAutoTraderSettingsRoundTrip" name="test_enable_partial_profit_roundtrip" time="0.334" /><testcase classname="tests.test_hod_psych_topping_tail_strategy.TestAutoTraderSettingsRoundTrip" name="test_breakeven_buffer_pct_roundtrip" time="0.337" /><testcase classname="tests.test_hod_psych_topping_tail_strategy.TestAutoTraderSettingsRoundTrip" name="test_topping_tail_wick_ratio_roundtrip" time="0.261" /><testcase classname="tests.test_hod_psych_topping_tail_strategy.TestEntryConditionsSmoke" name="test_scanner_symbols_entry_conditions_no_crash" time="1.113" /><testcase classname="tests.test_hod_psych_topping_tail_strategy.TestAutoTraderToggleSmoke" name="test_toggle_on_then_off" time="20.196" /><testcase classname="tests.test_margin_and_stream_priority.TestAccountMarginBuyingPower" name="test_account_has_margin_buying_power_field" time="0.481" /><testcase classname="tests.test_margin_and_stream_priority.TestAccountMarginBuyingPower" name="test_margin_buying_power_is_max_of_the_two" time="0.081" /><testcase classname="tests.test_margin_and_stream_priority.TestAccountMarginBuyingPower" name="test_margin_buying_power_never_negative" time="0.083" /><testcase classname="tests.test_margin_and_stream_priority.TestAutoTraderStatusAndProcessUseMargin" name="test_auto_trader_status_no_crash" time="0.089" /><testcase classname="tests.test_margin_and_stream_priority.TestAutoTraderStatusAndProcessUseMargin" name="test_auto_trader_process_no_crash" time="0.054" /><testcase classname="tests.test_margin_and_stream_priority.TestMarketStreamStatusAndPriority" name="test_stream_status_endpoint_shape" time="0.052" /><testcase classname="tests.test_margin_and_stream_priority.TestMarketStreamStatusAndPriority" name="test_10sec_bars_marks_symbol_priority" time="1.603" /><testcase classname="tests.test_margin_and_stream_priority.TestMarketStreamStatusAndPriority" name="test_1min_bars_also_marks_priority" time="5.427" /><testcase classname="tests.test_margin_and_stream_priority.TestMarketStreamStatusAndPriority" name="test_bulk_eviction_does_not_crash_and_stays_under_cap" time="40.561" /><testcase classname="tests.test_margin_and_stream_priority.TestRegression" name="test_scanner_momentum_endpoint" time="0.052" /><testcase classname="tests.test_margin_and_stream_priority.TestRegression" name="test_positions_endpoint" time="0.129" /><testcase classname="tests.test_margin_and_stream_priority.TestRegression" name="test_market_status_endpoint" time="0.047" /><testcase classname="tests.test_market_data_stream.TestAuth" name="test_login_success" time="0.363" /><testcase classname="tests.test_market_data_stream.TestStreamStatus" name="test_stream_status_shape" time="0.055" /><testcase classname="tests.test_market_data_stream.TestStreamStatus" name="test_stream_status_increases_after_quote_calls" time="3.511" /><testcase classname="tests.test_market_data_stream.TestQuoteAndBars" name="test_quote[AAPL]" time="0.100" /><testcase classname="tests.test_market_data_stream.TestQuoteAndBars" name="test_quote[TSLA]" time="0.093" /><testcase classname="tests.test_market_data_stream.TestQuoteAndBars" name="test_bars[1Min-AAPL]" time="0.895" /><testcase classname="tests.test_market_data_stream.TestQuoteAndBars" name="test_bars[1Min-TSLA]" time="0.860" /><testcase classname="tests.test_market_data_stream.TestQuoteAndBars" name="test_bars[1Min-NVDA]" time="3.343" /><testcase classname="tests.test_market_data_stream.TestQuoteAndBars" name="test_bars[5Min-AAPL]" time="0.319" /><testcase classname="tests.test_market_data_stream.TestQuoteAndBars" name="test_bars[5Min-TSLA]" time="0.408" /><testcase classname="tests.test_market_data_stream.TestQuoteAndBars" name="test_bars[5Min-NVDA]" time="0.194" /><testcase classname="tests.test_market_data_stream.TestEntryConditions" name="test_entry_conditions[AAPL]" time="0.497" /><testcase classname="tests.test_market_data_stream.TestEntryConditions" name="test_entry_conditions[TSLA]" time="0.601" /><testcase classname="tests.test_market_data_stream.TestAutoTraderSafety" name="test_status_reflects_current_mode" time="0.080" /><testcase classname="tests.test_market_data_stream.TestAutoTraderSafety" name="test_toggle_blocked_in_live_mode" time="0.051"><skipped type="pytest.skip" message="Not in live mode currently - safety rule test not applicable">/app/backend/tests/test_market_data_stream.py:118: Not in live mode currently - safety rule test not applicable</skipped></testcase><testcase classname="tests.test_market_data_stream.TestWebSocket" name="test_ws_rejected_without_token" time="0.000"><failure message="RuntimeError: There is no current event loop in thread 'MainThread'.">self = &lt;tests.test_market_data_stream.TestWebSocket object at 0xf9bb9378c550&gt;

    def test_ws_rejected_without_token(self):
        async def run():
            uri = f"{self._ws_base()}/api/ws/market-data"
            try:
                async with websockets.connect(uri) as ws:
                    await ws.recv()
                return None
            except websockets.exceptions.ConnectionClosed as e:
                return e.code
            except Exception as e:
                return str(e)
&gt;       code = asyncio.get_event_loop().run_until_complete(run())
               ^^^^^^^^^^^^^^^^^^^^^^^^

tests/test_market_data_stream.py:139: 
_ _ _ _ _ _ _ _ _ _ _ _ _ _ _ _ _ _ _ _ _ _ _ _ _ _ _ _ _ _ _ _ _ _ _ _ _ _ _ _ 

self = &lt;asyncio.unix_events._UnixDefaultEventLoopPolicy object at 0xf9bb93756210&gt;

    def get_event_loop(self):
        """Get the event loop for the current context.
    
        Returns an instance of EventLoop or raises an exception.
        """
        if (self._local._loop is None and
                not self._local._set_called and
                threading.current_thread() is threading.main_thread()):
            self.set_event_loop(self.new_event_loop())
    
        if self._local._loop is None:
&gt;           raise RuntimeError('There is no current event loop in thread %r.'
                               % threading.current_thread().name)
E           RuntimeError: There is no current event loop in thread 'MainThread'.

/usr/local/lib/python3.11/asyncio/events.py:681: RuntimeError</failure></testcase><testcase classname="tests.test_market_data_stream.TestWebSocket" name="test_ws_accepted_with_valid_token" time="0.000"><failure message="RuntimeError: There is no current event loop in thread 'MainThread'.">self = &lt;tests.test_market_data_stream.TestWebSocket object at 0xf9bb9378cbd0&gt;
auth_token = 'eyJhbGciOiJIUzI1NiIsInR5cCI6IkpXVCJ9.eyJzdWIiOiJkYW5pZWwuci5taWxsbmVyQGdtYWlsLmNvbSIsImV4cCI6MTc4NzMyOTk1MCwidHlwZSI6ImFjY2VzcyJ9.k_5wjbf1ReOrt9-e0QotBnXGS8gcfj-nTRD9ENRg99A'

    def test_ws_accepted_with_valid_token(self, auth_token):
        async def run():
            uri = f"{self._ws_base()}/api/ws/market-data?token={auth_token}"
            async with websockets.connect(uri) as ws:
                await ws.send(json.dumps({"action": "subscribe", "symbols": ["TSLA"]}))
                await asyncio.sleep(1)
                return True
&gt;       result = asyncio.get_event_loop().run_until_complete(run())
                 ^^^^^^^^^^^^^^^^^^^^^^^^

tests/test_market_data_stream.py:149: 
_ _ _ _ _ _ _ _ _ _ _ _ _ _ _ _ _ _ _ _ _ _ _ _ _ _ _ _ _ _ _ _ _ _ _ _ _ _ _ _ 

self = &lt;asyncio.unix_events._UnixDefaultEventLoopPolicy object at 0xf9bb93756210&gt;

    def get_event_loop(self):
        """Get the event loop for the current context.
    
        Returns an instance of EventLoop or raises an exception.
        """
        if (self._local._loop is None and
                not self._local._set_called and
                threading.current_thread() is threading.main_thread()):
            self.set_event_loop(self.new_event_loop())
    
        if self._local._loop is None:
&gt;           raise RuntimeError('There is no current event loop in thread %r.'
                               % threading.current_thread().name)
E           RuntimeError: There is no current event loop in thread 'MainThread'.

/usr/local/lib/python3.11/asyncio/events.py:681: RuntimeError</failure></testcase><testcase classname="tests.test_news_min_score_fix.TestScoreHeadlineNeverDropsData" name="test_weak_headline_still_returned_not_none" time="0.000" /><testcase classname="tests.test_news_min_score_fix.TestScoreHeadlineNeverDropsData" name="test_strong_catalyst_headline_scores_10" time="0.000" /><testcase classname="tests.test_news_min_score_fix.TestScoreHeadlineNeverDropsData" name="test_negative_headline_returned_tagged_negative_not_dropped" time="0.000" /><testcase classname="tests.test_news_min_score_fix.TestScoreHeadlineNeverDropsData" name="test_large_dollar_deal_boosts_weak_wording_to_strong_catalyst" time="0.000" /><testcase classname="tests.test_news_min_score_fix.TestScoreHeadlineNeverDropsData" name="test_small_dollar_amount_does_not_trigger_deal_boost" time="0.000" /><testcase classname="tests.test_news_min_score_fix.TestCheckAlpacaNewsArticlesNeverFiltered" name="test_default_call_signature_unchanged_min_score_10" time="0.000" /><testcase classname="tests.test_news_min_score_fix.TestCheckAlpacaNewsArticlesNeverFiltered" name="test_articles_identical_regardless_of_min_score" time="0.227" /><testcase classname="tests.test_news_min_score_fix.TestCheckAlpacaNewsArticlesNeverFiltered" name="test_scan_stocks_news_check_site_uses_strict_default" time="0.002" /><testcase classname="tests.test_news_min_score_fix.TestNewsDisplayEndpoint" name="test_liquid_symbol_returns_real_news[AAPL]" time="0.585" /><testcase classname="tests.test_news_min_score_fix.TestNewsDisplayEndpoint" name="test_liquid_symbol_returns_real_news[TSLA]" time="0.205" /><testcase classname="tests.test_news_min_score_fix.TestNewsDisplayEndpoint" name="test_liquid_symbol_returns_real_news[NVDA]" time="0.154" /><testcase classname="tests.test_news_min_score_fix.TestNewsDisplayEndpoint" name="test_liquid_symbol_returns_real_news[AMD]" time="0.152" /><testcase classname="tests.test_news_min_score_fix.TestNewsDisplayEndpoint" name="test_news_source_field_present_when_has_news" time="0.153" /><testcase classname="tests.test_news_min_score_fix.TestNewsDisplayEndpoint" name="test_requires_auth" time="0.101" /><testcase classname="tests.test_news_sort_and_neutral_tier.TestScoreHeadlineNeutralTier" name="test_zero_score_headline_is_neutral_not_weak" time="0.000" /><testcase classname="tests.test_news_sort_and_neutral_tier.TestScoreHeadlineNeutralTier" name="test_weak_tier_score_2_to_4_is_weak" time="0.000" /><testcase classname="tests.test_news_sort_and_neutral_tier.TestScoreHeadlineNeutralTier" name="test_momentum_tier_score_5_to_9_is_momentum" time="0.000" /><testcase classname="tests.test_news_sort_and_neutral_tier.TestScoreHeadlineNeutralTier" name="test_strong_catalyst_tier_score_10_plus" time="0.000" /><testcase classname="tests.test_news_sort_and_neutral_tier.TestCheckAlpacaNewsSorting" name="test_articles_sorted_desc_by_score[AAPL]" time="0.045" /><testcase classname="tests.test_news_sort_and_neutral_tier.TestCheckAlpacaNewsSorting" name="test_articles_sorted_desc_by_score[NVDA]" time="0.031" /><testcase classname="tests.test_news_sort_and_neutral_tier.TestCheckAlpacaNewsSorting" name="test_articles_sorted_desc_by_score[TSLA]" time="0.029" /><testcase classname="tests.test_news_sort_and_neutral_tier.TestCheckAlpacaNewsSorting" name="test_articles_sorted_desc_by_score[AMD]" time="3.058" /><testcase classname="tests.test_news_sort_and_neutral_tier.TestCheckAlpacaNewsSorting" name="test_zero_score_articles_are_neutral[AAPL]" time="0.030" /><testcase classname="tests.test_news_sort_and_neutral_tier.TestCheckAlpacaNewsSorting" name="test_zero_score_articles_are_neutral[NVDA]" time="0.029" /><testcase classname="tests.test_news_sort_and_neutral_tier.TestCheckAlpacaNewsSorting" name="test_zero_score_articles_are_neutral[TSLA]" time="0.029" /><testcase classname="tests.test_news_sort_and_neutral_tier.TestCheckAlpacaNewsSorting" name="test_zero_score_articles_are_neutral[AMD]" time="0.029" /><testcase classname="tests.test_news_sort_and_neutral_tier.TestNewsDisplayEndpointSorting" name="test_endpoint_returns_non_increasing_scores[NVDA]" time="0.577" /><testcase classname="tests.test_news_sort_and_neutral_tier.TestNewsDisplayEndpointSorting" name="test_endpoint_returns_non_increasing_scores[AMZN]" time="0.145" /><testcase classname="tests.test_news_sort_and_neutral_tier.TestNewsDisplayEndpointSorting" name="test_endpoint_returns_non_increasing_scores[TSLA]" time="0.149" /><testcase classname="tests.test_news_sort_and_neutral_tier.TestNewsDisplayEndpointSorting" name="test_endpoint_returns_non_increasing_scores[AAPL]" time="0.144" /><testcase classname="tests.test_news_sort_and_neutral_tier.TestNewsDisplayEndpointSorting" name="test_endpoint_returns_non_increasing_scores[AMD]" time="0.149" /><testcase classname="tests.test_news_sort_and_neutral_tier.TestNewsDisplayEndpointSorting" name="test_endpoint_returns_non_increasing_scores[META]" time="0.144"><failure message="AssertionError: META: score 0 article mislabeled: {'title': &quot;'Meta’s AI Incubator Is Developing an OpenRouter Rival to Cut Coding Costs' - The Information&quot;, 'link': 'https://www.benzinga.com/news/26/07/60614015/meta-s-ai-incubator-developing-openrouter-rival-cut-coding-costs-information', 'source': 'benzinga/benzinga', 'pubDate': '2026-07-22T16:05:20+00:00', 'sentiment': 'negative', 'score': 0, 'temperature': 'negative', 'catalysts': [], 'is_negative': True, 'freshness': 'breaking', 'days_old': 0}&#10;assert 'negative' == 'neutral'&#10;  &#10;  - neutral&#10;  + negative">self = &lt;tests.test_news_sort_and_neutral_tier.TestNewsDisplayEndpointSorting object at 0xf9bb937b3290&gt;
auth_headers = {'Authorization': 'Bearer eyJhbGciOiJIUzI1NiIsInR5cCI6IkpXVCJ9.eyJzdWIiOiJkYW5pZWwuci5taWxsbmVyQGdtYWlsLmNvbSIsImV4cCI6MTc4NzMyOTk2NiwidHlwZSI6ImFjY2VzcyJ9.JBEXz7OabKYIFFJ7OCHPVVnfD3XgYyAobQeMQbbPp8A'}
symbol = 'META'

    @pytest.mark.parametrize("symbol", ["NVDA", "AMZN", "TSLA", "AAPL", "AMD", "META", "GOOGL"])
    def test_endpoint_returns_non_increasing_scores(self, auth_headers, symbol):
        r = requests.get(
            f"{BASE_URL}/api/news/{symbol}",
            params={"limit": 8},
            headers=auth_headers,
            timeout=20,
        )
        assert r.status_code == 200
        data = r.json()
        articles = data.get("articles", [])
        if not articles:
            pytest.skip(f"{symbol}: no articles returned right now (non-deterministic, real API)")
        scores = [a["score"] for a in articles]
        assert all(scores[i] &gt;= scores[i + 1] for i in range(len(scores) - 1)), (
            f"{symbol}: /api/news scores not sorted descending: {scores}"
        )
        for a in articles:
            if a["score"] == 0:
&gt;               assert a["sentiment"] == "neutral", f"{symbol}: score 0 article mislabeled: {a}"
E               AssertionError: META: score 0 article mislabeled: {'title': "'Meta’s AI Incubator Is Developing an OpenRouter Rival to Cut Coding Costs' - The Information", 'link': 'https://www.benzinga.com/news/26/07/60614015/meta-s-ai-incubator-developing-openrouter-rival-cut-coding-costs-information', 'source': 'benzinga/benzinga', 'pubDate': '2026-07-22T16:05:20+00:00', 'sentiment': 'negative', 'score': 0, 'temperature': 'negative', 'catalysts': [], 'is_negative': True, 'freshness': 'breaking', 'days_old': 0}
E               assert 'negative' == 'neutral'
E                 
E                 - neutral
E                 + negative

tests/test_news_sort_and_neutral_tier.py:118: AssertionError</failure></testcase><testcase classname="tests.test_news_sort_and_neutral_tier.TestNewsDisplayEndpointSorting" name="test_endpoint_returns_non_increasing_scores[GOOGL]" time="0.130" /><testcase classname="tests.test_news_sort_and_neutral_tier.TestNewsDisplayEndpointSorting" name="test_auto_trader_strict_path_unaffected" time="0.001" /><testcase classname="tests.test_no_news_scalp_mode.TestNoNewsScalpCandidateFlag" name="test_4_of_5_no_news_is_candidate" time="0.000" /><testcase classname="tests.test_no_news_scalp_mode.TestNoNewsScalpCandidateFlag" name="test_5_of_5_with_news_is_not_candidate" time="0.000" /><testcase classname="tests.test_no_news_scalp_mode.TestNoNewsScalpCandidateFlag" name="test_4_of_5_missing_a_different_pillar_is_not_candidate" time="0.000" /><testcase classname="tests.test_no_news_scalp_mode.TestNoNewsScalpCandidateFlag" name="test_3_of_5_no_news_is_not_candidate" time="0.000" /><testcase classname="tests.test_no_news_scalp_mode.TestNoNewsMaxStopPct" name="test_tier_2_to_5" time="0.000" /><testcase classname="tests.test_no_news_scalp_mode.TestNoNewsMaxStopPct" name="test_tier_5_to_10" time="0.000" /><testcase classname="tests.test_no_news_scalp_mode.TestNoNewsMaxStopPct" name="test_tier_10_to_20" time="0.000" /><testcase classname="tests.test_no_news_scalp_mode.TestNoNewsMaxStopPct" name="test_at_20_uses_last_tier" time="0.000" /><testcase classname="tests.test_no_news_scalp_mode.TestNoNewsScalpEntryGating" name="test_disabled_by_default_returns_none" time="0.001" /><testcase classname="tests.test_no_news_scalp_mode.TestNoNewsScalpEntryGating" name="test_enabled_but_not_a_candidate_returns_none" time="0.001" /><testcase classname="tests.test_no_news_scalp_mode.TestNoNewsScalpEntryGating" name="test_already_open_position_returns_none" time="0.001" /><testcase classname="tests.test_no_news_scalp_mode.TestNoNewsScalpEntryGating" name="test_exited_today_returns_none" time="0.000" /><testcase classname="tests.test_no_news_scalp_mode.TestNoNewsScalpEntryGating" name="test_valid_pattern_within_tiered_stop_returns_signal" time="0.001" /><testcase classname="tests.test_no_news_scalp_mode.TestNoNewsScalpEntryGating" name="test_structural_stop_too_far_for_tier_skips" time="0.001" /><testcase classname="tests.test_no_news_scalp_mode.TestNoNewsScalpExecution" name="test_position_size_reduced_and_strategy_tagged" time="0.121" /><testcase classname="tests.test_no_news_scalp_mode.TestNoNewsScalpExecution" name="test_normal_entry_not_reduced_and_tagged_normally" time="0.033" /><testcase classname="tests.test_no_news_scalp_mode.TestNoNewsScalpBailoutTiming" name="test_bailout_seconds_selection_logic" time="0.000" /><testcase classname="tests.test_rr_sell_smoke.TestRiskRewardRatioSettings" name="test_update_reward_risk_ratio" time="0.382" /><testcase classname="tests.test_rr_sell_smoke.TestRiskRewardRatioSettings" name="test_status_reflects_updated_ratio" time="0.078" /><testcase classname="tests.test_rr_sell_smoke.TestRiskRewardRatioSettings" name="test_update_ratio_again_and_verify" time="0.142" /><testcase classname="tests.test_rr_sell_smoke.TestPositionsAndOrders" name="test_get_positions" time="0.148" /><testcase classname="tests.test_rr_sell_smoke.TestPositionsAndOrders" name="test_get_orders" time="0.082" /><testcase classname="tests.test_rr_sell_smoke.TestRegressionSmoke" name="test_auto_trader_process" time="0.048" /><testcase classname="tests.test_rr_sell_smoke.TestRegressionSmoke" name="test_scanner_scan" time="30.031"><failure message="requests.exceptions.ReadTimeout: HTTPSConnectionPool(host='momentumx-deploy.preview.emergentagent.com', port=443): Read timed out. (read timeout=30)">self = &lt;urllib3.connectionpool.HTTPSConnectionPool object at 0xf9bb936bcfd0&gt;
conn = &lt;HTTPSConnection(host='momentumx-deploy.preview.emergentagent.com', port=443) at 0xf9bb936be510&gt;
method = 'POST', url = '/api/scanner/scan'
body = b'{"min_price": 2, "max_price": 20, "min_change": 10, "min_volume_ratio": 5, "max_float": 20000000}'
headers = {'User-Agent': 'python-requests/2.32.5', 'Accept-Encoding': 'gzip, deflate', 'Accept': '*/*', 'Connection': 'keep-aliv...0AJmAbQ6vBrRyGMg2M.Y3NDbcVXTaTX0j_lDTgv.N2.4KT44jyYEEyci6B.sebixi8fVM0e2nsO2.lovzgke3GdR8Mg4I', 'Content-Length': '97'}
retries = Retry(total=0, connect=None, read=False, redirect=None, status=None)
timeout = Timeout(connect=30, read=30, total=None), chunked = False
response_conn = &lt;HTTPSConnection(host='momentumx-deploy.preview.emergentagent.com', port=443) at 0xf9bb936be510&gt;
preload_content = False, decode_content = False, enforce_content_length = True

    def _make_request(
        self,
        conn: BaseHTTPConnection,
        method: str,
        url: str,
        body: _TYPE_BODY | None = None,
        headers: typing.Mapping[str, str] | None = None,
        retries: Retry | None = None,
        timeout: _TYPE_TIMEOUT = _DEFAULT_TIMEOUT,
        chunked: bool = False,
        response_conn: BaseHTTPConnection | None = None,
        preload_content: bool = True,
        decode_content: bool = True,
        enforce_content_length: bool = True,
    ) -&gt; BaseHTTPResponse:
        """
        Perform a request on a given urllib connection object taken from our
        pool.
    
        :param conn:
            a connection from one of our connection pools
    
        :param method:
            HTTP request method (such as GET, POST, PUT, etc.)
    
        :param url:
            The URL to perform the request on.
    
        :param body:
            Data to send in the request body, either :class:`str`, :class:`bytes`,
            an iterable of :class:`str`/:class:`bytes`, or a file-like object.
    
        :param headers:
            Dictionary of custom headers to send, such as User-Agent,
            If-None-Match, etc. If None, pool headers are used. If provided,
            these headers completely replace any pool-specific headers.
    
        :param retries:
            Configure the number of retries to allow before raising a
            :class:`~urllib3.exceptions.MaxRetryError` exception.
    
            Pass ``None`` to retry until you receive a response. Pass a
            :class:`~urllib3.util.retry.Retry` object for fine-grained control
            over different types of retries.
            Pass an integer number to retry connection errors that many times,
            but no other types of errors. Pass zero to never retry.
    
            If ``False``, then retries are disabled and any exception is raised
            immediately. Also, instead of raising a MaxRetryError on redirects,
            the redirect response will be returned.
    
        :type retries: :class:`~urllib3.util.retry.Retry`, False, or an int.
    
        :param timeout:
            If specified, overrides the default timeout for this one
            request. It may be a float (in seconds) or an instance of
            :class:`urllib3.util.Timeout`.
    
        :param chunked:
            If True, urllib3 will send the body using chunked transfer
            encoding. Otherwise, urllib3 will send the body using the standard
            content-length form. Defaults to False.
    
        :param response_conn:
            Set this to ``None`` if you will handle releasing the connection or
            set the connection to have the response release it.
    
        :param preload_content:
          If True, the response's body will be preloaded during construction.
    
        :param decode_content:
            If True, will attempt to decode the body based on the
            'content-encoding' header.
    
        :param enforce_content_length:
            Enforce content length checking. Body returned by server must match
            value of Content-Length header, if present. Otherwise, raise error.
        """
        self.num_requests += 1
    
        timeout_obj = self._get_timeout(timeout)
        timeout_obj.start_connect()
        conn.timeout = Timeout.resolve_default_timeout(timeout_obj.connect_timeout)
    
        try:
            # Trigger any extra validation we need to do.
            try:
                self._validate_conn(conn)
            except (SocketTimeout, BaseSSLError) as e:
                self._raise_timeout(err=e, url=url, timeout_value=conn.timeout)
                raise
    
        # _validate_conn() starts the connection to an HTTPS proxy
        # so we need to wrap errors with 'ProxyError' here too.
        except (
            OSError,
            NewConnectionError,
            TimeoutError,
            BaseSSLError,
            CertificateError,
            SSLError,
        ) as e:
            new_e: Exception = e
            if isinstance(e, (BaseSSLError, CertificateError)):
                new_e = SSLError(e)
            # If the connection didn't successfully connect to it's proxy
            # then there
            if isinstance(
                new_e, (OSError, NewConnectionError, TimeoutError, SSLError)
            ) and (conn and conn.proxy and not conn.has_connected_to_proxy):
                new_e = _wrap_proxy_error(new_e, conn.proxy.scheme)
            raise new_e
    
        # conn.request() calls http.client.*.request, not the method in
        # urllib3.request. It also calls makefile (recv) on the socket.
        try:
            conn.request(
                method,
                url,
                body=body,
                headers=headers,
                chunked=chunked,
                preload_content=preload_content,
                decode_content=decode_content,
                enforce_content_length=enforce_content_length,
            )
    
        # We are swallowing BrokenPipeError (errno.EPIPE) since the server is
        # legitimately able to close the connection after sending a valid response.
        # With this behaviour, the received response is still readable.
        except BrokenPipeError:
            pass
        except OSError as e:
            # MacOS/Linux
            # EPROTOTYPE and ECONNRESET are needed on macOS
            # https://erickt.github.io/blog/2014/11/19/adventures-in-debugging-a-potential-osx-kernel-bug/
            # Condition changed later to emit ECONNRESET instead of only EPROTOTYPE.
            if e.errno != errno.EPROTOTYPE and e.errno != errno.ECONNRESET:
                raise
    
        # Reset the timeout for the recv() on the socket
        read_timeout = timeout_obj.read_timeout
    
        if not conn.is_closed:
            # In Python 3 socket.py will catch EAGAIN and return None when you
            # try and read into the file pointer created by http.client, which
            # instead raises a BadStatusLine exception. Instead of catching
            # the exception and assuming all BadStatusLine exceptions are read
            # timeouts, check for a zero timeout before making the request.
            if read_timeout == 0:
                raise ReadTimeoutError(
                    self, url, f"Read timed out. (read timeout={read_timeout})"
                )
            conn.timeout = read_timeout
    
        # Receive the response from the server
        try:
&gt;           response = conn.getresponse()
                       ^^^^^^^^^^^^^^^^^^

/root/.venv/lib/python3.11/site-packages/urllib3/connectionpool.py:534: 
_ _ _ _ _ _ _ _ _ _ _ _ _ _ _ _ _ _ _ _ _ _ _ _ _ _ _ _ _ _ _ _ _ _ _ _ _ _ _ _ 
/root/.venv/lib/python3.11/site-packages/urllib3/connection.py:571: in getresponse
    httplib_response = super().getresponse()
                       ^^^^^^^^^^^^^^^^^^^^^
/usr/local/lib/python3.11/http/client.py:1415: in getresponse
    response.begin()
/usr/local/lib/python3.11/http/client.py:330: in begin
    version, status, reason = self._read_status()
                              ^^^^^^^^^^^^^^^^^^^
/usr/local/lib/python3.11/http/client.py:291: in _read_status
    line = str(self.fp.readline(_MAXLINE + 1), "iso-8859-1")
               ^^^^^^^^^^^^^^^^^^^^^^^^^^^^^^
/usr/local/lib/python3.11/socket.py:718: in readinto
    return self._sock.recv_into(b)
           ^^^^^^^^^^^^^^^^^^^^^^^
/usr/local/lib/python3.11/ssl.py:1314: in recv_into
    return self.read(nbytes, buffer)
           ^^^^^^^^^^^^^^^^^^^^^^^^^
_ _ _ _ _ _ _ _ _ _ _ _ _ _ _ _ _ _ _ _ _ _ _ _ _ _ _ _ _ _ _ _ _ _ _ _ _ _ _ _ 

self = &lt;ssl.SSLSocket [closed] fd=-1, family=2, type=1, proto=6&gt;, len = 8192
buffer = &lt;memory at 0xf9bb92a28040&gt;

    def read(self, len=1024, buffer=None):
        """Read up to LEN bytes and return them.
        Return zero-length string on EOF."""
    
        self._checkClosed()
        if self._sslobj is None:
            raise ValueError("Read on closed or unwrapped SSL socket.")
        try:
            if buffer is not None:
&gt;               return self._sslobj.read(len, buffer)
                       ^^^^^^^^^^^^^^^^^^^^^^^^^^^^^^
E               TimeoutError: The read operation timed out

/usr/local/lib/python3.11/ssl.py:1166: TimeoutError

The above exception was the direct cause of the following exception:

self = &lt;requests.adapters.HTTPAdapter object at 0xf9bb936c7b50&gt;
request = &lt;PreparedRequest [POST]&gt;, stream = False
timeout = Timeout(connect=30, read=30, total=None), verify = True, cert = None
proxies = OrderedDict()

    def send(
        self, request, stream=False, timeout=None, verify=True, cert=None, proxies=None
    ):
        """Sends PreparedRequest object. Returns Response object.
    
        :param request: The :class:`PreparedRequest &lt;PreparedRequest&gt;` being sent.
        :param stream: (optional) Whether to stream the request content.
        :param timeout: (optional) How long to wait for the server to send
            data before giving up, as a float, or a :ref:`(connect timeout,
            read timeout) &lt;timeouts&gt;` tuple.
        :type timeout: float or tuple or urllib3 Timeout object
        :param verify: (optional) Either a boolean, in which case it controls whether
            we verify the server's TLS certificate, or a string, in which case it
            must be a path to a CA bundle to use
        :param cert: (optional) Any user-provided SSL certificate to be trusted.
        :param proxies: (optional) The proxies dictionary to apply to the request.
        :rtype: requests.Response
        """
    
        try:
            conn = self.get_connection_with_tls_context(
                request, verify, proxies=proxies, cert=cert
            )
        except LocationValueError as e:
            raise InvalidURL(e, request=request)
    
        self.cert_verify(conn, request.url, verify, cert)
        url = self.request_url(request, proxies)
        self.add_headers(
            request,
            stream=stream,
            timeout=timeout,
            verify=verify,
            cert=cert,
            proxies=proxies,
        )
    
        chunked = not (request.body is None or "Content-Length" in request.headers)
    
        if isinstance(timeout, tuple):
            try:
                connect, read = timeout
                timeout = TimeoutSauce(connect=connect, read=read)
            except ValueError:
                raise ValueError(
                    f"Invalid timeout {timeout}. Pass a (connect, read) timeout tuple, "
                    f"or a single float to set both timeouts to the same value."
                )
        elif isinstance(timeout, TimeoutSauce):
            pass
        else:
            timeout = TimeoutSauce(connect=timeout, read=timeout)
    
        try:
&gt;           resp = conn.urlopen(
                method=request.method,
                url=url,
                body=request.body,
                headers=request.headers,
                redirect=False,
                assert_same_host=False,
                preload_content=False,
                decode_content=False,
                retries=self.max_retries,
                timeout=timeout,
                chunked=chunked,
            )

/root/.venv/lib/python3.11/site-packages/requests/adapters.py:644: 
_ _ _ _ _ _ _ _ _ _ _ _ _ _ _ _ _ _ _ _ _ _ _ _ _ _ _ _ _ _ _ _ _ _ _ _ _ _ _ _ 
/root/.venv/lib/python3.11/site-packages/urllib3/connectionpool.py:842: in urlopen
    retries = retries.increment(
/root/.venv/lib/python3.11/site-packages/urllib3/util/retry.py:498: in increment
    raise reraise(type(error), error, _stacktrace)
          ^^^^^^^^^^^^^^^^^^^^^^^^^^^^^^^^^^^^^^^^
/root/.venv/lib/python3.11/site-packages/urllib3/util/util.py:39: in reraise
    raise value
/root/.venv/lib/python3.11/site-packages/urllib3/connectionpool.py:788: in urlopen
    response = self._make_request(
/root/.venv/lib/python3.11/site-packages/urllib3/connectionpool.py:536: in _make_request
    self._raise_timeout(err=e, url=url, timeout_value=read_timeout)
_ _ _ _ _ _ _ _ _ _ _ _ _ _ _ _ _ _ _ _ _ _ _ _ _ _ _ _ _ _ _ _ _ _ _ _ _ _ _ _ 

self = &lt;urllib3.connectionpool.HTTPSConnectionPool object at 0xf9bb936bcfd0&gt;
err = TimeoutError('The read operation timed out'), url = '/api/scanner/scan'
timeout_value = 30

    def _raise_timeout(
        self,
        err: BaseSSLError | OSError | SocketTimeout,
        url: str,
        timeout_value: _TYPE_TIMEOUT | None,
    ) -&gt; None:
        """Is the error actually a timeout? Will raise a ReadTimeout or pass"""
    
        if isinstance(err, SocketTimeout):
&gt;           raise ReadTimeoutError(
                self, url, f"Read timed out. (read timeout={timeout_value})"
            ) from err
E           urllib3.exceptions.ReadTimeoutError: HTTPSConnectionPool(host='momentumx-deploy.preview.emergentagent.com', port=443): Read timed out. (read timeout=30)

/root/.venv/lib/python3.11/site-packages/urllib3/connectionpool.py:367: ReadTimeoutError

During handling of the above exception, another exception occurred:

self = &lt;tests.test_rr_sell_smoke.TestRegressionSmoke object at 0xf9bb937d1b10&gt;
api_client = &lt;requests.sessions.Session object at 0xf9bb936c5310&gt;

    def test_scanner_scan(self, api_client):
        criteria = {
            "min_price": 2,
            "max_price": 20,
            "min_change": 10,
            "min_volume_ratio": 5,
            "max_float": 20000000
        }
&gt;       resp = api_client.post(f"{BASE_URL}/api/scanner/scan", json=criteria, timeout=30)
               ^^^^^^^^^^^^^^^^^^^^^^^^^^^^^^^^^^^^^^^^^^^^^^^^^^^^^^^^^^^^^^^^^^^^^^^^^^

tests/test_rr_sell_smoke.py:80: 
_ _ _ _ _ _ _ _ _ _ _ _ _ _ _ _ _ _ _ _ _ _ _ _ _ _ _ _ _ _ _ _ _ _ _ _ _ _ _ _ 
/root/.venv/lib/python3.11/site-packages/requests/sessions.py:637: in post
    return self.request("POST", url, data=data, json=json, **kwargs)
           ^^^^^^^^^^^^^^^^^^^^^^^^^^^^^^^^^^^^^^^^^^^^^^^^^^^^^^^^^
/root/.venv/lib/python3.11/site-packages/requests/sessions.py:589: in request
    resp = self.send(prep, **send_kwargs)
           ^^^^^^^^^^^^^^^^^^^^^^^^^^^^^^
/root/.venv/lib/python3.11/site-packages/requests/sessions.py:703: in send
    r = adapter.send(request, **kwargs)
        ^^^^^^^^^^^^^^^^^^^^^^^^^^^^^^^
_ _ _ _ _ _ _ _ _ _ _ _ _ _ _ _ _ _ _ _ _ _ _ _ _ _ _ _ _ _ _ _ _ _ _ _ _ _ _ _ 

self = &lt;requests.adapters.HTTPAdapter object at 0xf9bb936c7b50&gt;
request = &lt;PreparedRequest [POST]&gt;, stream = False
timeout = Timeout(connect=30, read=30, total=None), verify = True, cert = None
proxies = OrderedDict()

    def send(
        self, request, stream=False, timeout=None, verify=True, cert=None, proxies=None
    ):
        """Sends PreparedRequest object. Returns Response object.
    
        :param request: The :class:`PreparedRequest &lt;PreparedRequest&gt;` being sent.
        :param stream: (optional) Whether to stream the request content.
        :param timeout: (optional) How long to wait for the server to send
            data before giving up, as a float, or a :ref:`(connect timeout,
            read timeout) &lt;timeouts&gt;` tuple.
        :type timeout: float or tuple or urllib3 Timeout object
        :param verify: (optional) Either a boolean, in which case it controls whether
            we verify the server's TLS certificate, or a string, in which case it
            must be a path to a CA bundle to use
        :param cert: (optional) Any user-provided SSL certificate to be trusted.
        :param proxies: (optional) The proxies dictionary to apply to the request.
        :rtype: requests.Response
        """
    
        try:
            conn = self.get_connection_with_tls_context(
                request, verify, proxies=proxies, cert=cert
            )
        except LocationValueError as e:
            raise InvalidURL(e, request=request)
    
        self.cert_verify(conn, request.url, verify, cert)
        url = self.request_url(request, proxies)
        self.add_headers(
            request,
            stream=stream,
            timeout=timeout,
            verify=verify,
            cert=cert,
            proxies=proxies,
        )
    
        chunked = not (request.body is None or "Content-Length" in request.headers)
    
        if isinstance(timeout, tuple):
            try:
                connect, read = timeout
                timeout = TimeoutSauce(connect=connect, read=read)
            except ValueError:
                raise ValueError(
                    f"Invalid timeout {timeout}. Pass a (connect, read) timeout tuple, "
                    f"or a single float to set both timeouts to the same value."
                )
        elif isinstance(timeout, TimeoutSauce):
            pass
        else:
            timeout = TimeoutSauce(connect=timeout, read=timeout)
    
        try:
            resp = conn.urlopen(
                method=request.method,
                url=url,
                body=request.body,
                headers=request.headers,
                redirect=False,
                assert_same_host=False,
                preload_content=False,
                decode_content=False,
                retries=self.max_retries,
                timeout=timeout,
                chunked=chunked,
            )
    
        except (ProtocolError, OSError) as err:
            raise ConnectionError(err, request=request)
    
        except MaxRetryError as e:
            if isinstance(e.reason, ConnectTimeoutError):
                # TODO: Remove this in 3.0.0: see #2811
                if not isinstance(e.reason, NewConnectionError):
                    raise ConnectTimeout(e, request=request)
    
            if isinstance(e.reason, ResponseError):
                raise RetryError(e, request=request)
    
            if isinstance(e.reason, _ProxyError):
                raise ProxyError(e, request=request)
    
            if isinstance(e.reason, _SSLError):
                # This branch is for urllib3 v1.22 and later.
                raise SSLError(e, request=request)
    
            raise ConnectionError(e, request=request)
    
        except ClosedPoolError as e:
            raise ConnectionError(e, request=request)
    
        except _ProxyError as e:
            raise ProxyError(e)
    
        except (_SSLError, _HTTPError) as e:
            if isinstance(e, _SSLError):
                # This branch is for urllib3 versions earlier than v1.22
                raise SSLError(e, request=request)
            elif isinstance(e, ReadTimeoutError):
&gt;               raise ReadTimeout(e, request=request)
E               requests.exceptions.ReadTimeout: HTTPSConnectionPool(host='momentumx-deploy.preview.emergentagent.com', port=443): Read timed out. (read timeout=30)

/root/.venv/lib/python3.11/site-packages/requests/adapters.py:690: ReadTimeout</failure></testcase><testcase classname="tests.test_rr_sell_smoke.TestRegressionSmoke" name="test_auto_trader_status_smoke" time="0.188" /><testcase classname="tests.test_security_and_trading.TestAuth" name="test_no_header_401" time="0.128" /><testcase classname="tests.test_security_and_trading.TestAuth" name="test_wrong_token_401" time="0.105" /><testcase classname="tests.test_security_and_trading.TestAuth" name="test_malformed_header_401" time="0.126" /><testcase classname="tests.test_security_and_trading.TestAuth" name="test_correct_token_200" time="0.120" /><testcase classname="tests.test_security_and_trading.TestAuth" name="test_settings_requires_auth" time="0.122" /><testcase classname="tests.test_security_and_trading.TestSettingsMasking" name="test_get_settings_never_leaks_raw_keys" time="0.067" /><testcase classname="tests.test_security_and_trading.TestSettingsMasking" name="test_post_settings_valid_sma" time="0.111" /><testcase classname="tests.test_security_and_trading.TestSettingsMasking" name="test_post_settings_short_gte_long_rejected" time="0.053" /><testcase classname="tests.test_security_and_trading.TestSettingsMasking" name="test_post_settings_rejects_extra_secret_fields_silently_ignored" time="0.055" /><testcase classname="tests.test_security_and_trading.TestOrderValidation" name="test_qty_zero_rejected" time="0.052" /><testcase classname="tests.test_security_and_trading.TestOrderValidation" name="test_qty_negative_rejected" time="0.053" /><testcase classname="tests.test_security_and_trading.TestOrderValidation" name="test_invalid_side_rejected" time="0.051" /><testcase classname="tests.test_security_and_trading.TestOrderValidation" name="test_stop_loss_pct_out_of_bounds_rejected" time="0.054" /><testcase classname="tests.test_security_and_trading.TestCORS" name="test_allowed_origin_reflected" time="0.002" /><testcase classname="tests.test_security_and_trading.TestCORS" name="test_disallowed_origin_not_reflected" time="0.002" /><testcase classname="tests.test_security_and_trading.TestRateLimiting" name="test_orders_rate_limited_after_20_per_minute" time="1.365" /><testcase classname="tests.test_security_and_trading.TestRealDataOnly" name="test_market_bars_real_source" time="0.233" /><testcase classname="tests.test_security_and_trading.TestRealDataOnly" name="test_entry_conditions_invalid_symbol_no_fake_data" time="0.137" /><testcase classname="tests.test_security_and_trading.TestNoFakeBuyingPower" name="test_no_day_trading_simulation_code" time="0.000" /><testcase classname="tests.test_security_and_trading.TestAutoTrader" name="test_toggle_enable_and_status" time="0.209" /><testcase classname="tests.test_security_and_trading.TestAutoTrader" name="test_manual_process_trigger_no_arity_bug" time="0.455" /><testcase classname="tests.test_security_and_trading.TestResponsiveness" name="test_simple_get_responds_quickly" time="0.063" /><testcase classname="tests.test_security_and_trading.TestUnifiedPersistence" name="test_trade_history_get_works" time="0.066" /><testcase classname="tests.test_security_and_trading.TestUnifiedPersistence" name="test_missed_opportunities_get_works" time="0.075" /><testcase classname="tests.test_security_and_trading.TestUnifiedPersistence" name="test_log_trade_then_appears_in_history" time="0.131" /><testcase classname="tests.test_stop_loss_dedup_fix.TestOrdersStatusRegression" name="test_get_orders_status_returns_200[open]" time="0.527" /><testcase classname="tests.test_stop_loss_dedup_fix.TestOrdersStatusRegression" name="test_get_orders_status_returns_200[new]" time="0.141" /><testcase classname="tests.test_stop_loss_dedup_fix.TestOrdersStatusRegression" name="test_get_orders_status_returns_200[closed]" time="0.162" /><testcase classname="tests.test_stop_loss_dedup_fix.TestOrdersStatusRegression" name="test_get_orders_status_returns_200[all]" time="0.149" /><testcase classname="tests.test_stop_loss_dedup_fix.TestOrdersStatusRegression" name="test_get_orders_status_returns_200[bogus_status_xyz]" time="0.161" /><testcase classname="tests.test_stop_loss_dedup_fix.TestOrdersStatusRegression" name="test_get_orders_default_no_status_param" time="0.163" /><testcase classname="tests.test_stop_loss_dedup_fix.TestSellWithDedup" name="test_fresh_pending_order_skips_resubmit" time="0.002" /><testcase classname="tests.test_stop_loss_dedup_fix.TestSellWithDedup" name="test_stale_pending_order_cancelled_and_replaced" time="0.002" /><testcase classname="tests.test_stop_loss_dedup_fix.TestSellWithDedup" name="test_no_open_orders_places_sell_directly" time="0.002" /><testcase classname="tests.test_stop_loss_dedup_fix.TestSellWithDedup" name="test_ignores_open_buy_orders_only_checks_sell" time="0.001" /><testcase classname="tests.test_stop_loss_dedup_fix.TestSellWithDedup" name="test_get_open_orders_exception_falls_back_to_place_order" time="0.002" /><testcase classname="tests.test_stop_loss_dedup_fix.TestReactiveForceCancelOnInsufficientQty" name="test_insufficient_qty_rejection_force_cancels_and_retries" time="0.002" /><testcase classname="tests.test_stop_loss_dedup_fix.TestReactiveForceCancelOnInsufficientQty" name="test_unrelated_exception_propagates_unchanged" time="0.002" /><testcase classname="tests.test_stop_loss_dedup_fix.TestReactiveForceCancelOnInsufficientQty" name="test_retry_also_fails_raises_not_swallowed" time="0.002" /><testcase classname="tests.test_stop_loss_dedup_fix.TestReactiveForceCancelOnInsufficientQty" name="test_only_sell_side_orders_force_cancelled_not_buy" time="0.002" /><testcase classname="tests.test_trading_mode_toggle.TestTradingModeInitialState" name="test_get_trading_mode_initial" time="0.435" /><testcase classname="tests.test_trading_mode_toggle.TestGoLiveConfirmationGating" name="test_switch_live_missing_confirm_rejected" time="0.102" /><testcase classname="tests.test_trading_mode_toggle.TestGoLiveConfirmationGating" name="test_switch_live_wrong_case_confirm_rejected" time="0.098" /><testcase classname="tests.test_trading_mode_toggle.TestGoLiveConfirmationGating" name="test_switch_live_correct_confirm_succeeds" time="0.147" /><testcase classname="tests.test_trading_mode_toggle.TestAutoTraderBlockedInLiveMode" name="test_auto_trader_blocked_while_live" time="0.317" /><testcase classname="tests.test_trading_mode_toggle.TestAccountSwitchesBetweenPaperAndLive" name="test_account_number_differs_between_modes" time="0.341" /><testcase classname="tests.test_trading_mode_toggle.TestSwitchBackToPaperNoConfirmNeeded" name="test_switch_to_paper_requires_no_confirm" time="0.157" /><testcase classname="tests.test_trading_mode_toggle.TestRestartPersistence" name="test_live_mode_persists_across_restart_and_autotrader_forced_off" time="0.049"><skipped type="pytest.skip" message="Restarts the shared backend via supervisor - disruptive to other tests running concurrently under the default -n 2 xdist workers. Run explicitly in isolation with RUN_RESTART_TEST=1 and -n 0.">/app/backend/tests/test_trading_mode_toggle.py:180: Restarts the shared backend via supervisor - disruptive to other tests running concurrently under the default -n 2 xdist workers. Run explicitly in isolation with RUN_RESTART_TEST=1 and -n 0.</skipped></testcase></testsuite></testsuites>