<?xml version="1.0" encoding="utf-8"?><testsuites name="pytest tests"><testsuite name="pytest" errors="0" failures="0" skipped="0" tests="6" time="44.058" timestamp="2026-07-16T14:32:43.306326+00:00" hostname="agent-env-afecfab5-c7a4-4bb0-8ad4-da9947875b91"><testcase classname="tests.test_hod_psych_topping_tail_strategy.TestAutoTraderStatusDefaults" name="test_status_returns_new_strategy_fields" time="0.512" /><testcase classname="tests.test_hod_psych_topping_tail_strategy.TestAutoTraderSettingsRoundTrip" name="test_enable_partial_profit_roundtrip" time="0.304" /><testcase classname="tests.test_hod_psych_topping_tail_strategy.TestAutoTraderSettingsRoundTrip" name="test_breakeven_buffer_pct_roundtrip" time="0.310" /><testcase classname="tests.test_hod_psych_topping_tail_strategy.TestAutoTraderSettingsRoundTrip" name="test_topping_tail_wick_ratio_roundtrip" time="0.320" /><testcase classname="tests.test_hod_psych_topping_tail_strategy.TestEntryConditionsSmoke" name="test_scanner_symbols_entry_conditions_no_crash" time="22.315" /><testcase classname="tests.test_hod_psych_topping_tail_strategy.TestAutoTraderToggleSmoke" name="test_toggle_on_then_off" time="20.224" /></testsuite></testsuites>