<?xml version="1.0" encoding="utf-8"?><testsuites name="pytest tests"><testsuite name="pytest" errors="0" failures="0" skipped="0" tests="20" time="3.852" timestamp="2026-07-16T20:28:50.864149+00:00" hostname="agent-env-afecfab5-c7a4-4bb0-8ad4-da9947875b91"><testcase classname="tests.test_news_sort_and_neutral_tier.TestCheckAlpacaNewsSorting" name="test_articles_sorted_desc_by_score[AAPL]" time="0.157" /><testcase classname="tests.test_news_sort_and_neutral_tier.TestCheckAlpacaNewsSorting" name="test_articles_sorted_desc_by_score[NVDA]" time="0.104" /><testcase classname="tests.test_news_sort_and_neutral_tier.TestCheckAlpacaNewsSorting" name="test_articles_sorted_desc_by_score[TSLA]" time="0.029" /><testcase classname="tests.test_news_sort_and_neutral_tier.TestCheckAlpacaNewsSorting" name="test_articles_sorted_desc_by_score[AMD]" time="0.029" /><testcase classname="tests.test_news_sort_and_neutral_tier.TestCheckAlpacaNewsSorting" name="test_zero_score_articles_are_neutral[AAPL]" time="0.032" /><testcase classname="tests.test_news_sort_and_neutral_tier.TestCheckAlpacaNewsSorting" name="test_zero_score_articles_are_neutral[NVDA]" time="0.030" /><testcase classname="tests.test_news_sort_and_neutral_tier.TestCheckAlpacaNewsSorting" name="test_zero_score_articles_are_neutral[TSLA]" time="0.030" /><testcase classname="tests.test_news_sort_and_neutral_tier.TestCheckAlpacaNewsSorting" name="test_zero_score_articles_are_neutral[AMD]" time="0.029" /><testcase classname="tests.test_news_sort_and_neutral_tier.TestScoreHeadlineNeutralTier" name="test_zero_score_headline_is_neutral_not_weak" time="0.000" /><testcase classname="tests.test_news_sort_and_neutral_tier.TestScoreHeadlineNeutralTier" name="test_weak_tier_score_2_to_4_is_weak" time="0.000" /><testcase classname="tests.test_news_sort_and_neutral_tier.TestScoreHeadlineNeutralTier" name="test_momentum_tier_score_5_to_9_is_momentum" time="0.000" /><testcase classname="tests.test_news_sort_and_neutral_tier.TestScoreHeadlineNeutralTier" name="test_strong_catalyst_tier_score_10_plus" time="0.000" /><testcase classname="tests.test_news_sort_and_neutral_tier.TestNewsDisplayEndpointSorting" name="test_endpoint_returns_non_increasing_scores[NVDA]" time="0.767" /><testcase classname="tests.test_news_sort_and_neutral_tier.TestNewsDisplayEndpointSorting" name="test_endpoint_returns_non_increasing_scores[AMZN]" time="0.241" /><testcase classname="tests.test_news_sort_and_neutral_tier.TestNewsDisplayEndpointSorting" name="test_endpoint_returns_non_increasing_scores[TSLA]" time="0.139" /><testcase classname="tests.test_news_sort_and_neutral_tier.TestNewsDisplayEndpointSorting" name="test_endpoint_returns_non_increasing_scores[AAPL]" time="0.170" /><testcase classname="tests.test_news_sort_and_neutral_tier.TestNewsDisplayEndpointSorting" name="test_endpoint_returns_non_increasing_scores[AMD]" time="0.179" /><testcase classname="tests.test_news_sort_and_neutral_tier.TestNewsDisplayEndpointSorting" name="test_endpoint_returns_non_increasing_scores[META]" time="0.156" /><testcase classname="tests.test_news_sort_and_neutral_tier.TestNewsDisplayEndpointSorting" name="test_endpoint_returns_non_increasing_scores[GOOGL]" time="0.140" /><testcase classname="tests.test_news_sort_and_neutral_tier.TestNewsDisplayEndpointSorting" name="test_auto_trader_strict_path_unaffected" time="0.003" /></testsuite></testsuites>