<?xml version="1.0" encoding="utf-8"?><testsuites name="pytest tests"><testsuite name="pytest" errors="0" failures="0" skipped="0" tests="47" time="34.695" timestamp="2026-07-10T19:06:18.416146+00:00" hostname="agent-env-afecfab5-c7a4-4bb0-8ad4-da9947875b91"><testcase classname="tests.test_security_and_trading.TestAuth" name="test_no_header_401" time="0.182" /><testcase classname="tests.test_auto_trader_exit_logic.TestNoReEntryRule" name="test_exited_today_initialized_empty" time="0.001" /><testcase classname="tests.test_auto_trader_exit_logic.TestNoReEntryRule" name="test_exited_today_cleared_on_daily_reset" time="0.008" /><testcase classname="tests.test_auto_trader_exit_logic.TestNoReEntryRule" name="test_symbol_blocked_after_exit" time="0.000" /><testcase classname="tests.test_auto_trader_exit_logic.TestNoReEntryRule" name="test_check_entry_signals_skips_exited_stocks" time="0.000" /><testcase classname="tests.test_float_and_analytics.TestAnalyticsBounded" name="test_trade_history_analytics_default" time="0.194" /><testcase classname="tests.test_security_and_trading.TestAuth" name="test_wrong_token_401" time="0.160" /><testcase classname="tests.test_float_and_analytics.TestAnalyticsBounded" name="test_trade_history_analytics_alltime" time="0.183" /><testcase classname="tests.test_security_and_trading.TestAuth" name="test_malformed_header_401" time="0.109" /><testcase classname="tests.test_float_and_analytics.TestAnalyticsBounded" name="test_missed_opportunities_analytics_default" time="0.141" /><testcase classname="tests.test_security_and_trading.TestAuth" name="test_correct_token_200" time="0.150" /><testcase classname="tests.test_float_and_analytics.TestAnalyticsBounded" name="test_missed_opportunities_analytics_alltime" time="0.114" /><testcase classname="tests.test_security_and_trading.TestAuth" name="test_settings_requires_auth" time="0.107" /><testcase classname="tests.test_security_and_trading.TestSettingsMasking" name="test_get_settings_never_leaks_raw_keys" time="0.110" /><testcase classname="tests.test_security_and_trading.TestOrderValidation" name="test_qty_zero_rejected" time="0.097" /><testcase classname="tests.test_security_and_trading.TestSettingsMasking" name="test_post_settings_valid_sma" time="0.148" /><testcase classname="tests.test_security_and_trading.TestOrderValidation" name="test_qty_negative_rejected" time="0.045" /><testcase classname="tests.test_security_and_trading.TestOrderValidation" name="test_invalid_side_rejected" time="0.047" /><testcase classname="tests.test_security_and_trading.TestOrderValidation" name="test_stop_loss_pct_out_of_bounds_rejected" time="0.089" /><testcase classname="tests.test_security_and_trading.TestSettingsMasking" name="test_post_settings_short_gte_long_rejected" time="0.048" /><testcase classname="tests.test_security_and_trading.TestSettingsMasking" name="test_post_settings_rejects_extra_secret_fields_silently_ignored" time="0.091" /><testcase classname="tests.test_auto_trader_exit_logic.TestTrailingStopLogic" name="test_trailing_stop_initial_calculation" time="0.001" /><testcase classname="tests.test_auto_trader_exit_logic.TestTrailingStopLogic" name="test_trailing_stop_updates_on_price_increase" time="0.000" /><testcase classname="tests.test_auto_trader_exit_logic.TestTrailingStopLogic" name="test_trailing_stop_never_moves_down" time="0.000" /><testcase classname="tests.test_security_and_trading.TestUnifiedPersistence" name="test_trade_history_get_works" time="0.108" /><testcase classname="tests.test_auto_trader_exit_logic.TestRiskLimits" name="test_daily_max_loss_blocks_trading" time="0.000" /><testcase classname="tests.test_auto_trader_exit_logic.TestRiskLimits" name="test_consecutive_losses_blocks_trading" time="0.000" /><testcase classname="tests.test_auto_trader_exit_logic.TestRiskLimits" name="test_risk_ok_when_within_limits" time="0.000" /><testcase classname="tests.test_auto_trader_exit_logic.TestPartialSellLogic" name="test_partial_sell_triggered_at_profit_target" time="0.000" /><testcase classname="tests.test_auto_trader_exit_logic.TestPartialSellLogic" name="test_stop_moves_to_breakeven_after_partial_sell" time="0.000" /><testcase classname="tests.test_auto_trader_exit_logic.TestPositionSizing" name="test_position_size_calculation" time="0.000" /><testcase classname="tests.test_auto_trader_exit_logic.TestPositionSizing" name="test_position_size_minimum_one_share" time="0.000" /><testcase classname="tests.test_auto_trader_exit_logic.TestTradingHours" name="test_is_trading_hours_method_exists" time="0.000" /><testcase classname="tests.test_auto_trader_exit_logic.TestTradingHours" name="test_trading_hours_returns_boolean" time="0.000" /><testcase classname="tests.test_float_and_analytics.TestScannerRealFloat" name="test_demo_scan_instant" time="0.106" /><testcase classname="tests.test_security_and_trading.TestUnifiedPersistence" name="test_missed_opportunities_get_works" time="0.054" /><testcase classname="tests.test_security_and_trading.TestUnifiedPersistence" name="test_log_trade_then_appears_in_history" time="0.096" /><testcase classname="tests.test_float_and_analytics.TestScannerRealFloat" name="test_real_scan_float_data_consistent" time="3.183" /><testcase classname="tests.test_security_and_trading.TestRealDataOnly" name="test_market_bars_real_source" time="0.484" /><testcase classname="tests.test_security_and_trading.TestRealDataOnly" name="test_entry_conditions_invalid_symbol_no_fake_data" time="2.435" /><testcase classname="tests.test_security_and_trading.TestAutoTrader" name="test_toggle_enable_and_status" time="0.186" /><testcase classname="tests.test_security_and_trading.TestCORS" name="test_allowed_origin_reflected" time="0.002" /><testcase classname="tests.test_security_and_trading.TestCORS" name="test_disallowed_origin_not_reflected" time="0.002" /><testcase classname="tests.test_security_and_trading.TestNoFakeBuyingPower" name="test_no_day_trading_simulation_code" time="0.000" /><testcase classname="tests.test_security_and_trading.TestResponsiveness" name="test_simple_get_responds_quickly" time="0.101" /><testcase classname="tests.test_security_and_trading.TestAutoTrader" name="test_manual_process_trigger_no_arity_bug" time="26.182" /><testcase classname="tests.test_security_and_trading.TestRateLimiting" name="test_orders_rate_limited_after_20_per_minute" time="1.478" /></testsuite></testsuites>