<?xml version="1.0" encoding="utf-8"?><testsuites name="pytest tests"><testsuite name="pytest" errors="0" failures="0" skipped="0" tests="34" time="11.757" timestamp="2026-07-13T15:44:18.621183+00:00" hostname="agent-env-afecfab5-c7a4-4bb0-8ad4-da9947875b91"><testcase classname="tests.test_security_and_trading.TestAuth" name="test_no_header_401" time="0.340" /><testcase classname="tests.test_security_and_trading.TestAuth" name="test_wrong_token_401" time="0.100" /><testcase classname="tests.test_auth_and_account_safety.TestLoginFlow" name="test_correct_credentials_return_jwt" time="0.343" /><testcase classname="tests.test_auth_and_account_safety.TestLoginFlow" name="test_wrong_password_401" time="0.407" /><testcase classname="tests.test_security_and_trading.TestAuth" name="test_malformed_header_401" time="0.270" /><testcase classname="tests.test_security_and_trading.TestAuth" name="test_correct_token_200" time="0.110" /><testcase classname="tests.test_auth_and_account_safety.TestLoginFlow" name="test_wrong_email_401" time="0.159" /><testcase classname="tests.test_security_and_trading.TestAuth" name="test_settings_requires_auth" time="0.157" /><testcase classname="tests.test_auth_and_account_safety.TestLoginFlow" name="test_me_endpoint_with_valid_token" time="0.116" /><testcase classname="tests.test_security_and_trading.TestSettingsMasking" name="test_get_settings_never_leaks_raw_keys" time="0.051" /><testcase classname="tests.test_auth_and_account_safety.TestLoginFlow" name="test_me_endpoint_without_token_401" time="0.111" /><testcase classname="tests.test_security_and_trading.TestSettingsMasking" name="test_post_settings_valid_sma" time="0.102" /><testcase classname="tests.test_security_and_trading.TestSettingsMasking" name="test_post_settings_short_gte_long_rejected" time="0.048" /><testcase classname="tests.test_auth_and_account_safety.TestLoginFlow" name="test_old_static_token_no_longer_works" time="0.096" /><testcase classname="tests.test_security_and_trading.TestSettingsMasking" name="test_post_settings_rejects_extra_secret_fields_silently_ignored" time="0.047" /><testcase classname="tests.test_security_and_trading.TestUnifiedPersistence" name="test_trade_history_get_works" time="0.051" /><testcase classname="tests.test_security_and_trading.TestOrderValidation" name="test_qty_zero_rejected" time="0.157" /><testcase classname="tests.test_security_and_trading.TestUnifiedPersistence" name="test_missed_opportunities_get_works" time="0.060" /><testcase classname="tests.test_security_and_trading.TestUnifiedPersistence" name="test_log_trade_then_appears_in_history" time="0.108" /><testcase classname="tests.test_security_and_trading.TestOrderValidation" name="test_qty_negative_rejected" time="0.050" /><testcase classname="tests.test_security_and_trading.TestOrderValidation" name="test_invalid_side_rejected" time="0.050" /><testcase classname="tests.test_security_and_trading.TestCORS" name="test_allowed_origin_reflected" time="0.002" /><testcase classname="tests.test_security_and_trading.TestCORS" name="test_disallowed_origin_not_reflected" time="0.001" /><testcase classname="tests.test_security_and_trading.TestAutoTrader" name="test_toggle_enable_and_status" time="0.226" /><testcase classname="tests.test_security_and_trading.TestOrderValidation" name="test_stop_loss_pct_out_of_bounds_rejected" time="0.049" /><testcase classname="tests.test_security_and_trading.TestRealDataOnly" name="test_market_bars_real_source" time="0.428" /><testcase classname="tests.test_security_and_trading.TestAutoTrader" name="test_manual_process_trigger_no_arity_bug" time="7.752" /><testcase classname="tests.test_security_and_trading.TestRealDataOnly" name="test_entry_conditions_invalid_symbol_no_fake_data" time="3.687" /><testcase classname="tests.test_auth_and_account_safety.TestAccountSafety" name="test_account_is_paper_account" time="3.134" /><testcase classname="tests.test_security_and_trading.TestRateLimiting" name="test_orders_rate_limited_after_20_per_minute" time="1.516" /><testcase classname="tests.test_auth_and_account_safety.TestBruteForceLockout" name="test_lockout_after_5_failed_attempts" time="0.112" /><testcase classname="tests.test_auth_and_account_safety.TestMarketDataSource" name="test_market_bars_source_field" time="0.541" /><testcase classname="tests.test_security_and_trading.TestNoFakeBuyingPower" name="test_no_day_trading_simulation_code" time="0.000" /><testcase classname="tests.test_security_and_trading.TestResponsiveness" name="test_simple_get_responds_quickly" time="0.107" /></testsuite></testsuites>