<?xml version="1.0" encoding="utf-8"?><testsuites name="pytest tests"><testsuite name="pytest" errors="0" failures="5" skipped="2" tests="154" time="85.885" timestamp="2026-07-16T18:01:04.221049+00:00" hostname="agent-env-afecfab5-c7a4-4bb0-8ad4-da9947875b91"><testcase classname="tests.test_auth_and_account_safety.TestLoginFlow" name="test_correct_credentials_return_jwt" time="0.330" /><testcase classname="tests.test_auth_and_account_safety.TestLoginFlow" name="test_wrong_password_401" time="0.499" /><testcase classname="tests.test_market_data_stream.TestQuoteAndBars" name="test_quote[AAPL]" time="0.982" /><testcase classname="tests.test_auth_and_account_safety.TestLoginFlow" name="test_wrong_email_401" time="0.154" /><testcase classname="tests.test_market_data_stream.TestQuoteAndBars" name="test_quote[TSLA]" time="0.168" /><testcase classname="tests.test_auth_and_account_safety.TestLoginFlow" name="test_me_endpoint_with_valid_token" time="0.105" /><testcase classname="tests.test_auth_and_account_safety.TestLoginFlow" name="test_me_endpoint_without_token_401" time="0.147" /><testcase classname="tests.test_market_data_stream.TestQuoteAndBars" name="test_bars[1Min-AAPL]" time="0.641" /><testcase classname="tests.test_auth_and_account_safety.TestLoginFlow" name="test_old_static_token_no_longer_works" time="0.132" /><testcase classname="tests.test_first_pullback_strategy.TestFirstPullbackPattern" name="test_valid_first_pullback_2_red_candles" time="0.001" /><testcase classname="tests.test_first_pullback_strategy.TestFirstPullbackPattern" name="test_50pct_rule_rejects_deep_retracement" time="0.000" /><testcase classname="tests.test_first_pullback_strategy.TestFirstPullbackPattern" name="test_breakout_must_exceed_prior_candle_high" time="0.000" /><testcase classname="tests.test_first_pullback_strategy.TestFirstPullbackPattern" name="test_too_many_red_candles_invalid" time="0.000" /><testcase classname="tests.test_first_pullback_strategy.TestFirstPullbackPattern" name="test_no_red_candles_before_latest_bar_invalid" time="0.000" /><testcase classname="tests.test_first_pullback_strategy.TestFirstPullbackPattern" name="test_stop_loss_is_structural_pullback_low_not_a_flat_pct" time="0.000" /><testcase classname="tests.test_stop_loss_dedup_fix.TestOrdersStatusRegression" name="test_get_orders_status_returns_200[open]" time="0.576" /><testcase classname="tests.test_market_data_stream.TestQuoteAndBars" name="test_bars[1Min-TSLA]" time="1.165" /><testcase classname="tests.test_stop_loss_dedup_fix.TestOrdersStatusRegression" name="test_get_orders_status_returns_200[new]" time="0.166" /><testcase classname="tests.test_stop_loss_dedup_fix.TestOrdersStatusRegression" name="test_get_orders_status_returns_200[closed]" time="0.156" /><testcase classname="tests.test_stop_loss_dedup_fix.TestOrdersStatusRegression" name="test_get_orders_status_returns_200[all]" time="0.142" /><testcase classname="tests.test_stop_loss_dedup_fix.TestOrdersStatusRegression" name="test_get_orders_status_returns_200[bogus_status_xyz]" time="0.151" /><testcase classname="tests.test_stop_loss_dedup_fix.TestOrdersStatusRegression" name="test_get_orders_default_no_status_param" time="0.190" /><testcase classname="tests.test_auto_trader_exit_logic.TestTradingHours" name="test_is_trading_hours_method_exists" time="0.000" /><testcase classname="tests.test_auto_trader_exit_logic.TestTradingHours" name="test_trading_hours_returns_boolean" time="0.008" /><testcase classname="tests.test_auto_trader_exit_logic.TestTradingHours" name="test_trading_hours_false_on_saturday" time="0.001" /><testcase classname="tests.test_auto_trader_exit_logic.TestTradingHours" name="test_trading_hours_false_on_sunday" time="0.001" /><testcase classname="tests.test_auto_trader_exit_logic.TestTradingHours" name="test_trading_hours_true_on_weekday_during_window" time="0.001" /><testcase classname="tests.test_security_and_trading.TestAuth" name="test_no_header_401" time="0.140" /><testcase classname="tests.test_security_and_trading.TestAuth" name="test_wrong_token_401" time="0.133" /><testcase classname="tests.test_market_data_stream.TestQuoteAndBars" name="test_bars[1Min-NVDA]" time="0.927" /><testcase classname="tests.test_security_and_trading.TestAuth" name="test_malformed_header_401" time="0.111" /><testcase classname="tests.test_security_and_trading.TestAuth" name="test_correct_token_200" time="0.125" /><testcase classname="tests.test_security_and_trading.TestAuth" name="test_settings_requires_auth" time="0.104" /><testcase classname="tests.test_stop_loss_dedup_fix.TestSellWithDedup" name="test_fresh_pending_order_skips_resubmit" time="0.003" /><testcase classname="tests.test_stop_loss_dedup_fix.TestSellWithDedup" name="test_stale_pending_order_cancelled_and_replaced" time="0.002" /><testcase classname="tests.test_stop_loss_dedup_fix.TestSellWithDedup" name="test_no_open_orders_places_sell_directly" time="0.002" /><testcase classname="tests.test_stop_loss_dedup_fix.TestSellWithDedup" name="test_ignores_open_buy_orders_only_checks_sell" time="0.002" /><testcase classname="tests.test_stop_loss_dedup_fix.TestSellWithDedup" name="test_get_open_orders_exception_falls_back_to_place_order" time="0.002" /><testcase classname="tests.test_auto_trader_exit_logic.TestNoReEntryRule" name="test_exited_today_initialized_empty" time="0.000" /><testcase classname="tests.test_auto_trader_exit_logic.TestNoReEntryRule" name="test_exited_today_cleared_on_daily_reset" time="0.000" /><testcase classname="tests.test_auto_trader_exit_logic.TestNoReEntryRule" name="test_symbol_blocked_after_exit" time="0.000" /><testcase classname="tests.test_auto_trader_exit_logic.TestNoReEntryRule" name="test_check_entry_signals_skips_exited_stocks" time="0.000" /><testcase classname="tests.test_dual_key_and_sizing.TestDualKeyDataPool" name="test_scanner_momentum_no_errors" time="5.884" /><testcase classname="tests.test_market_data_stream.TestQuoteAndBars" name="test_bars[5Min-AAPL]" time="0.537" /><testcase classname="tests.test_market_data_stream.TestQuoteAndBars" name="test_bars[5Min-TSLA]" time="0.633" /><testcase classname="tests.test_market_data_stream.TestQuoteAndBars" name="test_bars[5Min-NVDA]" time="0.868" /><testcase classname="tests.test_float_and_analytics.TestAnalyticsBounded" name="test_trade_history_analytics_default" time="0.675" /><testcase classname="tests.test_float_and_analytics.TestAnalyticsBounded" name="test_trade_history_analytics_alltime" time="0.796" /><testcase classname="tests.test_float_and_analytics.TestAnalyticsBounded" name="test_missed_opportunities_analytics_default" time="0.518" /><testcase classname="tests.test_float_and_analytics.TestAnalyticsBounded" name="test_missed_opportunities_analytics_alltime" time="0.129" /><testcase classname="tests.test_margin_and_stream_priority.TestMarketStreamStatusAndPriority" name="test_stream_status_endpoint_shape" time="0.411" /><testcase classname="tests.test_margin_and_stream_priority.TestMarketStreamStatusAndPriority" name="test_10sec_bars_marks_symbol_priority" time="1.657" /><testcase classname="tests.test_dual_key_and_sizing.TestDualKeyDataPool" name="test_scanner_scan_post" time="0.067" /><testcase classname="tests.test_dual_key_and_sizing.TestDualKeyDataPool" name="test_market_bars_symbol" time="1.758" /><testcase classname="tests.test_margin_and_stream_priority.TestMarketStreamStatusAndPriority" name="test_1min_bars_also_marks_priority" time="2.435" /><testcase classname="tests.test_dual_key_and_sizing.TestDualKeyDataPool" name="test_account_after_scan_no_auth_errors" time="0.087" /><testcase classname="tests.test_security_and_trading.TestSettingsMasking" name="test_get_settings_never_leaks_raw_keys" time="0.174" /><testcase classname="tests.test_security_and_trading.TestSettingsMasking" name="test_post_settings_valid_sma" time="0.122" /><testcase classname="tests.test_security_and_trading.TestSettingsMasking" name="test_post_settings_short_gte_long_rejected" time="0.060" /><testcase classname="tests.test_security_and_trading.TestSettingsMasking" name="test_post_settings_rejects_extra_secret_fields_silently_ignored" time="0.064" /><testcase classname="tests.test_alpaca_news.TestAlpacaNewsAccess" name="test_news_client_configured" time="0.000"><failure message="AttributeError: 'ScannerService' object has no attribute 'news_client'">backend/tests/test_alpaca_news.py:20: in test_news_client_configured
    assert scanner_service.news_client is not None, (
           ^^^^^^^^^^^^^^^^^^^^^^^^^^^
E   AttributeError: 'ScannerService' object has no attribute 'news_client'</failure></testcase><testcase classname="tests.test_alpaca_news.TestAlpacaNewsAccess" name="test_check_alpaca_news_returns_correct_shape" time="0.000" /><testcase classname="tests.test_alpaca_news.TestAlpacaNewsAccess" name="test_alpaca_news_finds_a_real_strong_catalyst_headline" time="0.153"><failure message="AssertionError: Expected UNH to have news via the Alpaca path (real catalyst headline confirmed in raw feed) - got: {'has_news': False, 'articles': []}&#10;assert False is True">backend/tests/test_alpaca_news.py:67: in test_alpaca_news_finds_a_real_strong_catalyst_headline
    assert result["has_news"] is True, (
E   AssertionError: Expected UNH to have news via the Alpaca path (real catalyst headline confirmed in raw feed) - got: {'has_news': False, 'articles': []}
E   assert False is True</failure></testcase><testcase classname="tests.test_auto_trader_exit_logic.TestTrailingStopLogic" name="test_trailing_stop_initial_calculation" time="0.001" /><testcase classname="tests.test_auto_trader_exit_logic.TestTrailingStopLogic" name="test_trailing_stop_updates_on_price_increase" time="0.000" /><testcase classname="tests.test_auto_trader_exit_logic.TestTrailingStopLogic" name="test_trailing_stop_never_moves_down" time="0.000" /><testcase classname="tests.test_auto_trader_exit_logic.TestRiskLimits" name="test_daily_max_loss_blocks_trading" time="0.000" /><testcase classname="tests.test_auto_trader_exit_logic.TestRiskLimits" name="test_consecutive_losses_blocks_trading" time="0.000" /><testcase classname="tests.test_auto_trader_exit_logic.TestRiskLimits" name="test_risk_ok_when_within_limits" time="0.000" /><testcase classname="tests.test_chart_bars_fix.TestBarsLimitCorrectness" name="test_1min_limit_780" time="4.060" /><testcase classname="tests.test_margin_and_stream_priority.TestMarketStreamStatusAndPriority" name="test_bulk_eviction_does_not_crash_and_stays_under_cap" time="47.288" /><testcase classname="tests.test_chart_bars_fix.TestBarsLimitCorrectness" name="test_5min_limit_156" time="3.350" /><testcase classname="tests.test_chart_bars_fix.TestBarsLimitCorrectness" name="test_bars_chronological_ascending" time="6.760" /><testcase classname="tests.test_dashboard_market_endpoints.TestTenSecBars" name="test_10sec_bars_graceful_no_data" time="0.469" /><testcase classname="tests.test_dashboard_market_endpoints.TestTenSecBars" name="test_1min_bars_use_rest_fallback" time="6.605" /><testcase classname="tests.test_dashboard_market_endpoints.TestTenSecBars" name="test_1day_bars_real_data" time="9.177" /><testcase classname="tests.test_first_pullback_strategy.TestBreakoutOrBailout" name="test_bailout_triggers_after_grace_period_if_not_profitable" time="0.000" /><testcase classname="tests.test_first_pullback_strategy.TestBreakoutOrBailout" name="test_bailout_does_not_trigger_within_grace_period" time="0.000" /><testcase classname="tests.test_first_pullback_strategy.TestBreakoutOrBailout" name="test_bailout_does_not_trigger_if_already_profitable" time="0.000" /><testcase classname="tests.test_hod_psych_topping_tail_strategy.TestAutoTraderSettingsRoundTrip" name="test_enable_partial_profit_roundtrip" time="0.760" /><testcase classname="tests.test_hod_psych_topping_tail_strategy.TestAutoTraderSettingsRoundTrip" name="test_breakeven_buffer_pct_roundtrip" time="0.295" /><testcase classname="tests.test_hod_psych_topping_tail_strategy.TestAutoTraderSettingsRoundTrip" name="test_topping_tail_wick_ratio_roundtrip" time="0.273" /><testcase classname="tests.test_margin_and_stream_priority.TestAccountMarginBuyingPower" name="test_account_has_margin_buying_power_field" time="0.451" /><testcase classname="tests.test_margin_and_stream_priority.TestAccountMarginBuyingPower" name="test_margin_buying_power_is_max_of_the_two" time="0.093" /><testcase classname="tests.test_margin_and_stream_priority.TestAccountMarginBuyingPower" name="test_margin_buying_power_never_negative" time="0.097" /><testcase classname="tests.test_margin_and_stream_priority.TestRegression" name="test_scanner_momentum_endpoint" time="0.085" /><testcase classname="tests.test_margin_and_stream_priority.TestRegression" name="test_positions_endpoint" time="0.102" /><testcase classname="tests.test_margin_and_stream_priority.TestRegression" name="test_market_status_endpoint" time="0.065" /><testcase classname="tests.test_rr_sell_smoke.TestRiskRewardRatioSettings" name="test_update_reward_risk_ratio" time="0.389" /><testcase classname="tests.test_rr_sell_smoke.TestRiskRewardRatioSettings" name="test_status_reflects_updated_ratio" time="0.077" /><testcase classname="tests.test_rr_sell_smoke.TestRiskRewardRatioSettings" name="test_update_ratio_again_and_verify" time="0.132" /><testcase classname="tests.test_rr_sell_smoke.TestRegressionSmoke" name="test_auto_trader_process" time="0.057" /><testcase classname="tests.test_rr_sell_smoke.TestRegressionSmoke" name="test_scanner_scan" time="0.063" /><testcase classname="tests.test_rr_sell_smoke.TestRegressionSmoke" name="test_auto_trader_status_smoke" time="0.079" /><testcase classname="tests.test_security_and_trading.TestUnifiedPersistence" name="test_trade_history_get_works" time="0.117" /><testcase classname="tests.test_security_and_trading.TestUnifiedPersistence" name="test_missed_opportunities_get_works" time="0.064" /><testcase classname="tests.test_security_and_trading.TestUnifiedPersistence" name="test_log_trade_then_appears_in_history" time="0.110" /><testcase classname="tests.test_trading_mode_toggle.TestGoLiveConfirmationGating" name="test_switch_live_missing_confirm_rejected" time="0.467" /><testcase classname="tests.test_trading_mode_toggle.TestGoLiveConfirmationGating" name="test_switch_live_wrong_case_confirm_rejected" time="0.121" /><testcase classname="tests.test_trading_mode_toggle.TestGoLiveConfirmationGating" name="test_switch_live_correct_confirm_succeeds" time="0.244" /><testcase classname="tests.test_auto_trader_exit_logic.TestPartialSellLogic" name="test_partial_sell_triggered_at_profit_target" time="0.000" /><testcase classname="tests.test_auto_trader_exit_logic.TestPartialSellLogic" name="test_stop_moves_to_breakeven_after_partial_sell" time="0.000" /><testcase classname="tests.test_auto_trader_exit_logic.TestPositionSizing" name="test_position_size_calculation" time="0.000" /><testcase classname="tests.test_auto_trader_exit_logic.TestPositionSizing" name="test_position_size_minimum_one_share" time="0.000" /><testcase classname="tests.test_dashboard_market_endpoints.TestLargeTrades" name="test_large_trades_shape_ok" time="0.404" /><testcase classname="tests.test_dashboard_market_endpoints.TestLargeTrades" name="test_large_trades_no_500_for_unknown_symbol" time="0.058" /><testcase classname="tests.test_dashboard_market_endpoints.TestNewsEndpoint" name="test_news_shape_ok" time="0.572" /><testcase classname="tests.test_dashboard_market_endpoints.TestNewsEndpoint" name="test_news_no_500_for_unknown_symbol" time="0.390" /><testcase classname="tests.test_dual_key_and_sizing.TestAccountMargin" name="test_account_endpoint_shape" time="0.448" /><testcase classname="tests.test_dual_key_and_sizing.TestAccountMargin" name="test_margin_buying_power_formula" time="0.082" /><testcase classname="tests.test_first_pullback_strategy.TestMaxStopDistanceSafetyCap" name="test_stop_within_cap_is_acceptable" time="0.000" /><testcase classname="tests.test_first_pullback_strategy.TestMaxStopDistanceSafetyCap" name="test_stop_beyond_cap_should_be_rejected" time="0.000" /><testcase classname="tests.test_float_and_analytics.TestScannerRealFloat" name="test_demo_scan_instant" time="0.128" /><testcase classname="tests.test_float_and_analytics.TestScannerRealFloat" name="test_real_scan_float_data_consistent" time="3.196" /><testcase classname="tests.test_margin_and_stream_priority.TestAutoTraderStatusAndProcessUseMargin" name="test_auto_trader_status_no_crash" time="0.466" /><testcase classname="tests.test_margin_and_stream_priority.TestAutoTraderStatusAndProcessUseMargin" name="test_auto_trader_process_no_crash" time="0.063" /><testcase classname="tests.test_market_data_stream.TestStreamStatus" name="test_stream_status_shape" time="0.415" /><testcase classname="tests.test_market_data_stream.TestStreamStatus" name="test_stream_status_increases_after_quote_calls" time="0.466" /><testcase classname="tests.test_market_data_stream.TestEntryConditions" name="test_entry_conditions[AAPL]" time="0.776" /><testcase classname="tests.test_market_data_stream.TestEntryConditions" name="test_entry_conditions[TSLA]" time="0.355" /><testcase classname="tests.test_market_data_stream.TestAutoTraderSafety" name="test_status_reflects_current_mode" time="0.087" /><testcase classname="tests.test_market_data_stream.TestAutoTraderSafety" name="test_toggle_blocked_in_live_mode" time="0.056"><skipped type="pytest.skip" message="Not in live mode currently - safety rule test not applicable">/app/backend/tests/test_market_data_stream.py:118: Not in live mode currently - safety rule test not applicable</skipped></testcase><testcase classname="tests.test_market_data_stream.TestWebSocket" name="test_ws_rejected_without_token" time="0.001"><failure message="RuntimeError: There is no current event loop in thread 'MainThread'.">backend/tests/test_market_data_stream.py:139: in test_ws_rejected_without_token
    code = asyncio.get_event_loop().run_until_complete(run())
           ^^^^^^^^^^^^^^^^^^^^^^^^
/usr/local/lib/python3.11/asyncio/events.py:681: in get_event_loop
    raise RuntimeError('There is no current event loop in thread %r.'
E   RuntimeError: There is no current event loop in thread 'MainThread'.</failure></testcase><testcase classname="tests.test_market_data_stream.TestWebSocket" name="test_ws_accepted_with_valid_token" time="0.000"><failure message="RuntimeError: There is no current event loop in thread 'MainThread'.">backend/tests/test_market_data_stream.py:149: in test_ws_accepted_with_valid_token
    result = asyncio.get_event_loop().run_until_complete(run())
             ^^^^^^^^^^^^^^^^^^^^^^^^
/usr/local/lib/python3.11/asyncio/events.py:681: in get_event_loop
    raise RuntimeError('There is no current event loop in thread %r.'
E   RuntimeError: There is no current event loop in thread 'MainThread'.</failure></testcase><testcase classname="tests.test_rr_sell_smoke.TestPositionsAndOrders" name="test_get_positions" time="0.484" /><testcase classname="tests.test_rr_sell_smoke.TestPositionsAndOrders" name="test_get_orders" time="0.091" /><testcase classname="tests.test_security_and_trading.TestCORS" name="test_allowed_origin_reflected" time="0.002" /><testcase classname="tests.test_security_and_trading.TestCORS" name="test_disallowed_origin_not_reflected" time="0.002" /><testcase classname="tests.test_security_and_trading.TestRealDataOnly" name="test_market_bars_real_source" time="3.513" /><testcase classname="tests.test_security_and_trading.TestRealDataOnly" name="test_entry_conditions_invalid_symbol_no_fake_data" time="0.438" /><testcase classname="tests.test_security_and_trading.TestAutoTrader" name="test_toggle_enable_and_status" time="0.205" /><testcase classname="tests.test_security_and_trading.TestAutoTrader" name="test_manual_process_trigger_no_arity_bug" time="0.197" /><testcase classname="tests.test_auth_and_account_safety.TestBruteForceLockout" name="test_lockout_after_5_failed_attempts" time="0.029" /><testcase classname="tests.test_auth_and_account_safety.TestAccountSafety" name="test_account_is_paper_account" time="0.572"><failure message="AssertionError: STOP-SHIP: account_number is PA36RNHPHRUZ, expected paper account PA30RVV1A2DM&#10;assert 'PA36RNHPHRUZ' == 'PA30RVV1A2DM'&#10;  &#10;  - PA30RVV1A2DM&#10;  + PA36RNHPHRUZ">backend/tests/test_auth_and_account_safety.py:121: in test_account_is_paper_account
    assert data["account_number"] == EXPECTED_PAPER_ACCOUNT_NUMBER, (
E   AssertionError: STOP-SHIP: account_number is PA36RNHPHRUZ, expected paper account PA30RVV1A2DM
E   assert 'PA36RNHPHRUZ' == 'PA30RVV1A2DM'
E     
E     - PA30RVV1A2DM
E     + PA36RNHPHRUZ</failure></testcase><testcase classname="tests.test_security_and_trading.TestOrderValidation" name="test_qty_zero_rejected" time="0.181" /><testcase classname="tests.test_auth_and_account_safety.TestMarketDataSource" name="test_market_bars_source_field" time="9.587" /><testcase classname="tests.test_security_and_trading.TestOrderValidation" name="test_qty_negative_rejected" time="0.054" /><testcase classname="tests.test_security_and_trading.TestOrderValidation" name="test_invalid_side_rejected" time="0.056" /><testcase classname="tests.test_security_and_trading.TestOrderValidation" name="test_stop_loss_pct_out_of_bounds_rejected" time="0.059" /><testcase classname="tests.test_first_pullback_strategy.TestTwoToOneTarget" name="test_target_is_entry_plus_2x_structural_risk" time="0.001" /><testcase classname="tests.test_hod_psych_topping_tail_strategy.TestAutoTraderStatusDefaults" name="test_status_returns_new_strategy_fields" time="0.422" /><testcase classname="tests.test_hod_psych_topping_tail_strategy.TestEntryConditionsSmoke" name="test_scanner_symbols_entry_conditions_no_crash" time="0.636" /><testcase classname="tests.test_hod_psych_topping_tail_strategy.TestAutoTraderToggleSmoke" name="test_toggle_on_then_off" time="20.195" /><testcase classname="tests.test_chart_bars_fix.TestCalendarDayPaddingScaling" name="test_limit_scales_with_request" time="5.833" /><testcase classname="tests.test_chart_bars_fix.TestTradingModeNoRegression" name="test_trading_mode_still_paper" time="0.163" /><testcase classname="tests.test_security_and_trading.TestNoFakeBuyingPower" name="test_no_day_trading_simulation_code" time="0.001" /><testcase classname="tests.test_security_and_trading.TestResponsiveness" name="test_simple_get_responds_quickly" time="0.146" /><testcase classname="tests.test_trading_mode_toggle.TestTradingModeInitialState" name="test_get_trading_mode_initial" time="0.466" /><testcase classname="tests.test_trading_mode_toggle.TestAutoTraderBlockedInLiveMode" name="test_auto_trader_blocked_while_live" time="0.408" /><testcase classname="tests.test_trading_mode_toggle.TestAccountSwitchesBetweenPaperAndLive" name="test_account_number_differs_between_modes" time="0.419" /><testcase classname="tests.test_trading_mode_toggle.TestSwitchBackToPaperNoConfirmNeeded" name="test_switch_to_paper_requires_no_confirm" time="0.189" /><testcase classname="tests.test_trading_mode_toggle.TestRestartPersistence" name="test_live_mode_persists_across_restart_and_autotrader_forced_off" time="0.061"><skipped type="pytest.skip" message="Restarts the shared backend via supervisor - disruptive to other tests running concurrently under the default -n 2 xdist workers. Run explicitly in isolation with RUN_RESTART_TEST=1 and -n 0.">/app/backend/tests/test_trading_mode_toggle.py:180: Restarts the shared backend via supervisor - disruptive to other tests running concurrently under the default -n 2 xdist workers. Run explicitly in isolation with RUN_RESTART_TEST=1 and -n 0.</skipped></testcase><testcase classname="tests.test_market_data_stream.TestAuth" name="test_login_success" time="0.000" /><testcase classname="tests.test_security_and_trading.TestRateLimiting" name="test_orders_rate_limited_after_20_per_minute" time="1.306" /></testsuite></testsuites>