<?xml version="1.0" encoding="utf-8"?><testsuites name="pytest tests"><testsuite name="pytest" errors="0" failures="4" skipped="2" tests="111" time="132.253" timestamp="2026-07-15T00:34:48.913419+00:00" hostname="agent-env-afecfab5-c7a4-4bb0-8ad4-da9947875b91"><testcase classname="tests.test_auth_and_account_safety.TestLoginFlow" name="test_correct_credentials_return_jwt" time="0.346" /><testcase classname="tests.test_auth_and_account_safety.TestLoginFlow" name="test_wrong_password_401" time="0.490" /><testcase classname="tests.test_market_data_stream.TestQuoteAndBars" name="test_quote[AAPL]" time="0.977" /><testcase classname="tests.test_auth_and_account_safety.TestLoginFlow" name="test_wrong_email_401" time="0.105" /><testcase classname="tests.test_auth_and_account_safety.TestLoginFlow" name="test_me_endpoint_with_valid_token" time="0.099" /><testcase classname="tests.test_market_data_stream.TestQuoteAndBars" name="test_quote[TSLA]" time="0.075" /><testcase classname="tests.test_auth_and_account_safety.TestLoginFlow" name="test_me_endpoint_without_token_401" time="0.124" /><testcase classname="tests.test_market_data_stream.TestQuoteAndBars" name="test_bars[1Min-AAPL]" time="0.368" /><testcase classname="tests.test_auth_and_account_safety.TestLoginFlow" name="test_old_static_token_no_longer_works" time="0.124" /><testcase classname="tests.test_first_pullback_strategy.TestFirstPullbackPattern" name="test_valid_first_pullback_2_red_candles" time="0.001" /><testcase classname="tests.test_first_pullback_strategy.TestFirstPullbackPattern" name="test_50pct_rule_rejects_deep_retracement" time="0.001" /><testcase classname="tests.test_first_pullback_strategy.TestFirstPullbackPattern" name="test_breakout_must_exceed_prior_candle_high" time="0.001" /><testcase classname="tests.test_first_pullback_strategy.TestFirstPullbackPattern" name="test_too_many_red_candles_invalid" time="0.001" /><testcase classname="tests.test_first_pullback_strategy.TestFirstPullbackPattern" name="test_no_red_candles_before_latest_bar_invalid" time="0.001" /><testcase classname="tests.test_first_pullback_strategy.TestFirstPullbackPattern" name="test_stop_loss_is_structural_pullback_low_not_a_flat_pct" time="0.001" /><testcase classname="tests.test_auto_trader_exit_logic.TestTradingHours" name="test_is_trading_hours_method_exists" time="0.001" /><testcase classname="tests.test_auto_trader_exit_logic.TestTradingHours" name="test_trading_hours_returns_boolean" time="0.008" /><testcase classname="tests.test_auto_trader_exit_logic.TestTradingHours" name="test_trading_hours_false_on_saturday" time="0.001" /><testcase classname="tests.test_auto_trader_exit_logic.TestTradingHours" name="test_trading_hours_false_on_sunday" time="0.001" /><testcase classname="tests.test_auto_trader_exit_logic.TestTradingHours" name="test_trading_hours_true_on_weekday_during_window" time="0.001" /><testcase classname="tests.test_security_and_trading.TestAuth" name="test_no_header_401" time="0.165" /><testcase classname="tests.test_market_data_stream.TestQuoteAndBars" name="test_bars[1Min-TSLA]" time="0.297" /><testcase classname="tests.test_security_and_trading.TestAuth" name="test_wrong_token_401" time="0.143" /><testcase classname="tests.test_security_and_trading.TestAuth" name="test_malformed_header_401" time="0.163" /><testcase classname="tests.test_market_data_stream.TestQuoteAndBars" name="test_bars[1Min-NVDA]" time="0.322" /><testcase classname="tests.test_security_and_trading.TestAuth" name="test_correct_token_200" time="0.099" /><testcase classname="tests.test_security_and_trading.TestAuth" name="test_settings_requires_auth" time="0.159" /><testcase classname="tests.test_market_data_stream.TestQuoteAndBars" name="test_bars[5Min-AAPL]" time="0.119" /><testcase classname="tests.test_auto_trader_exit_logic.TestNoReEntryRule" name="test_exited_today_initialized_empty" time="0.000" /><testcase classname="tests.test_auto_trader_exit_logic.TestNoReEntryRule" name="test_exited_today_cleared_on_daily_reset" time="0.000" /><testcase classname="tests.test_auto_trader_exit_logic.TestNoReEntryRule" name="test_symbol_blocked_after_exit" time="0.000" /><testcase classname="tests.test_auto_trader_exit_logic.TestNoReEntryRule" name="test_check_entry_signals_skips_exited_stocks" time="0.000" /><testcase classname="tests.test_float_and_analytics.TestAnalyticsBounded" name="test_trade_history_analytics_default" time="0.115" /><testcase classname="tests.test_market_data_stream.TestQuoteAndBars" name="test_bars[5Min-TSLA]" time="0.113" /><testcase classname="tests.test_float_and_analytics.TestAnalyticsBounded" name="test_trade_history_analytics_alltime" time="0.118" /><testcase classname="tests.test_market_data_stream.TestQuoteAndBars" name="test_bars[5Min-NVDA]" time="0.115" /><testcase classname="tests.test_float_and_analytics.TestAnalyticsBounded" name="test_missed_opportunities_analytics_default" time="0.111" /><testcase classname="tests.test_security_and_trading.TestSettingsMasking" name="test_get_settings_never_leaks_raw_keys" time="0.092" /><testcase classname="tests.test_float_and_analytics.TestAnalyticsBounded" name="test_missed_opportunities_analytics_alltime" time="0.093" /><testcase classname="tests.test_security_and_trading.TestSettingsMasking" name="test_post_settings_valid_sma" time="0.129" /><testcase classname="tests.test_security_and_trading.TestOrderValidation" name="test_qty_zero_rejected" time="0.099" /><testcase classname="tests.test_security_and_trading.TestOrderValidation" name="test_qty_negative_rejected" time="0.051" /><testcase classname="tests.test_security_and_trading.TestSettingsMasking" name="test_post_settings_short_gte_long_rejected" time="0.044" /><testcase classname="tests.test_security_and_trading.TestOrderValidation" name="test_invalid_side_rejected" time="0.045" /><testcase classname="tests.test_security_and_trading.TestSettingsMasking" name="test_post_settings_rejects_extra_secret_fields_silently_ignored" time="0.090" /><testcase classname="tests.test_security_and_trading.TestOrderValidation" name="test_stop_loss_pct_out_of_bounds_rejected" time="0.043" /><testcase classname="tests.test_auto_trader_exit_logic.TestTrailingStopLogic" name="test_trailing_stop_initial_calculation" time="0.000" /><testcase classname="tests.test_auto_trader_exit_logic.TestTrailingStopLogic" name="test_trailing_stop_updates_on_price_increase" time="0.000" /><testcase classname="tests.test_auto_trader_exit_logic.TestTrailingStopLogic" name="test_trailing_stop_never_moves_down" time="0.000" /><testcase classname="tests.test_auto_trader_exit_logic.TestRiskLimits" name="test_daily_max_loss_blocks_trading" time="0.000" /><testcase classname="tests.test_auto_trader_exit_logic.TestRiskLimits" name="test_consecutive_losses_blocks_trading" time="0.000" /><testcase classname="tests.test_auto_trader_exit_logic.TestRiskLimits" name="test_risk_ok_when_within_limits" time="0.000" /><testcase classname="tests.test_alpaca_news.TestAlpacaNewsAccess" name="test_news_client_configured" time="0.000" /><testcase classname="tests.test_alpaca_news.TestAlpacaNewsAccess" name="test_check_alpaca_news_returns_correct_shape" time="0.107" /><testcase classname="tests.test_alpaca_news.TestAlpacaNewsAccess" name="test_alpaca_news_finds_a_real_strong_catalyst_headline" time="0.153" /><testcase classname="tests.test_chart_bars_fix.TestBarsLimitCorrectness" name="test_1min_limit_780" time="1.005"><failure message="assert 0 &gt; 0&#10; +  where 0 = len([])">tests/test_chart_bars_fix.py:56: in test_1min_limit_780
    assert len(bars) &gt; 0
E   assert 0 &gt; 0
E    +  where 0 = len([])</failure></testcase><testcase classname="tests.test_dashboard_market_endpoints.TestTenSecBars" name="test_10sec_bars_graceful_no_data" time="0.406" /><testcase classname="tests.test_dashboard_market_endpoints.TestTenSecBars" name="test_1min_bars_use_rest_fallback" time="0.510" /><testcase classname="tests.test_chart_bars_fix.TestBarsLimitCorrectness" name="test_5min_limit_156" time="0.258"><failure message="assert 0 &gt; 0&#10; +  where 0 = len([])">tests/test_chart_bars_fix.py:63: in test_5min_limit_156
    assert len(bars) &gt; 0
E   assert 0 &gt; 0
E    +  where 0 = len([])</failure></testcase><testcase classname="tests.test_dashboard_market_endpoints.TestTenSecBars" name="test_1day_bars_real_data" time="0.108" /><testcase classname="tests.test_first_pullback_strategy.TestBreakoutOrBailout" name="test_bailout_triggers_after_grace_period_if_not_profitable" time="0.000" /><testcase classname="tests.test_first_pullback_strategy.TestBreakoutOrBailout" name="test_bailout_does_not_trigger_within_grace_period" time="0.000" /><testcase classname="tests.test_chart_bars_fix.TestBarsLimitCorrectness" name="test_bars_chronological_ascending" time="0.543" /><testcase classname="tests.test_first_pullback_strategy.TestBreakoutOrBailout" name="test_bailout_does_not_trigger_if_already_profitable" time="0.000" /><testcase classname="tests.test_trading_mode_toggle.TestGoLiveConfirmationGating" name="test_switch_live_missing_confirm_rejected" time="0.600" /><testcase classname="tests.test_security_and_trading.TestUnifiedPersistence" name="test_trade_history_get_works" time="0.100" /><testcase classname="tests.test_trading_mode_toggle.TestGoLiveConfirmationGating" name="test_switch_live_wrong_case_confirm_rejected" time="0.157" /><testcase classname="tests.test_security_and_trading.TestUnifiedPersistence" name="test_missed_opportunities_get_works" time="0.058" /><testcase classname="tests.test_security_and_trading.TestUnifiedPersistence" name="test_log_trade_then_appears_in_history" time="0.134" /><testcase classname="tests.test_trading_mode_toggle.TestGoLiveConfirmationGating" name="test_switch_live_correct_confirm_succeeds" time="0.444" /><testcase classname="tests.test_auto_trader_exit_logic.TestPositionSizing" name="test_position_size_calculation" time="0.000" /><testcase classname="tests.test_auto_trader_exit_logic.TestPositionSizing" name="test_position_size_minimum_one_share" time="0.000" /><testcase classname="tests.test_dashboard_market_endpoints.TestLargeTrades" name="test_large_trades_shape_ok" time="0.365" /><testcase classname="tests.test_auto_trader_exit_logic.TestPartialSellLogic" name="test_partial_sell_triggered_at_profit_target" time="0.000" /><testcase classname="tests.test_auto_trader_exit_logic.TestPartialSellLogic" name="test_stop_moves_to_breakeven_after_partial_sell" time="0.000" /><testcase classname="tests.test_dashboard_market_endpoints.TestLargeTrades" name="test_large_trades_no_500_for_unknown_symbol" time="0.123" /><testcase classname="tests.test_first_pullback_strategy.TestMaxStopDistanceSafetyCap" name="test_stop_within_cap_is_acceptable" time="0.000" /><testcase classname="tests.test_first_pullback_strategy.TestMaxStopDistanceSafetyCap" name="test_stop_beyond_cap_should_be_rejected" time="0.000" /><testcase classname="tests.test_float_and_analytics.TestScannerRealFloat" name="test_demo_scan_instant" time="0.099" /><testcase classname="tests.test_float_and_analytics.TestScannerRealFloat" name="test_real_scan_float_data_consistent" time="60.097"><failure message="assert 502 == 200&#10; +  where 502 = &lt;Response [502]&gt;.status_code">tests/test_float_and_analytics.py:87: in test_real_scan_float_data_consistent
    assert resp1.status_code == 200
E   assert 502 == 200
E    +  where 502 = &lt;Response [502]&gt;.status_code</failure></testcase><testcase classname="tests.test_dashboard_market_endpoints.TestNewsEndpoint" name="test_news_shape_ok" time="1.188" /><testcase classname="tests.test_dashboard_market_endpoints.TestNewsEndpoint" name="test_news_no_500_for_unknown_symbol" time="0.342" /><testcase classname="tests.test_market_data_stream.TestEntryConditions" name="test_entry_conditions[AAPL]" time="3.365" /><testcase classname="tests.test_market_data_stream.TestEntryConditions" name="test_entry_conditions[TSLA]" time="53.269" /><testcase classname="tests.test_market_data_stream.TestAutoTraderSafety" name="test_status_reflects_current_mode" time="0.139" /><testcase classname="tests.test_market_data_stream.TestAutoTraderSafety" name="test_toggle_blocked_in_live_mode" time="0.047"><skipped type="pytest.skip" message="Not in live mode currently - safety rule test not applicable">/app/backend/tests/test_market_data_stream.py:118: Not in live mode currently - safety rule test not applicable</skipped></testcase><testcase classname="tests.test_market_data_stream.TestWebSocket" name="test_ws_rejected_without_token" time="0.199" /><testcase classname="tests.test_market_data_stream.TestWebSocket" name="test_ws_accepted_with_valid_token" time="1.212" /><testcase classname="tests.test_security_and_trading.TestCORS" name="test_allowed_origin_reflected" time="0.003" /><testcase classname="tests.test_security_and_trading.TestCORS" name="test_disallowed_origin_not_reflected" time="0.002" /><testcase classname="tests.test_security_and_trading.TestRealDataOnly" name="test_market_bars_real_source" time="1.171" /><testcase classname="tests.test_market_data_stream.TestStreamStatus" name="test_stream_status_shape" time="0.052" /><testcase classname="tests.test_market_data_stream.TestStreamStatus" name="test_stream_status_increases_after_quote_calls" time="0.898" /><testcase classname="tests.test_security_and_trading.TestRealDataOnly" name="test_entry_conditions_invalid_symbol_no_fake_data" time="0.137" /><testcase classname="tests.test_auth_and_account_safety.TestBruteForceLockout" name="test_lockout_after_5_failed_attempts" time="0.022" /><testcase classname="tests.test_security_and_trading.TestAutoTrader" name="test_toggle_enable_and_status" time="0.445" /><testcase classname="tests.test_auth_and_account_safety.TestAccountSafety" name="test_account_is_paper_account" time="0.501" /><testcase classname="tests.test_security_and_trading.TestAutoTrader" name="test_manual_process_trigger_no_arity_bug" time="60.199"><failure message="assert 502 == 200&#10; +  where 502 = &lt;Response [502]&gt;.status_code">tests/test_security_and_trading.py:257: in test_manual_process_trigger_no_arity_bug
    assert r.status_code == 200
E   assert 502 == 200
E    +  where 502 = &lt;Response [502]&gt;.status_code</failure></testcase><testcase classname="tests.test_auth_and_account_safety.TestMarketDataSource" name="test_market_bars_source_field" time="0.356" /><testcase classname="tests.test_chart_bars_fix.TestTradingModeNoRegression" name="test_trading_mode_still_paper" time="0.436" /><testcase classname="tests.test_market_data_stream.TestAuth" name="test_login_success" time="0.000" /><testcase classname="tests.test_security_and_trading.TestRateLimiting" name="test_orders_rate_limited_after_20_per_minute" time="0.040" /><testcase classname="tests.test_security_and_trading.TestNoFakeBuyingPower" name="test_no_day_trading_simulation_code" time="0.001" /><testcase classname="tests.test_security_and_trading.TestResponsiveness" name="test_simple_get_responds_quickly" time="0.095" /><testcase classname="tests.test_trading_mode_toggle.TestTradingModeInitialState" name="test_get_trading_mode_initial" time="0.431" /><testcase classname="tests.test_trading_mode_toggle.TestAutoTraderBlockedInLiveMode" name="test_auto_trader_blocked_while_live" time="0.331" /><testcase classname="tests.test_trading_mode_toggle.TestAccountSwitchesBetweenPaperAndLive" name="test_account_number_differs_between_modes" time="0.315" /><testcase classname="tests.test_trading_mode_toggle.TestSwitchBackToPaperNoConfirmNeeded" name="test_switch_to_paper_requires_no_confirm" time="0.138" /><testcase classname="tests.test_trading_mode_toggle.TestRestartPersistence" name="test_live_mode_persists_across_restart_and_autotrader_forced_off" time="0.043"><skipped type="pytest.skip" message="Restarts the shared backend via supervisor - disruptive to other tests running concurrently under the default -n 2 xdist workers. Run explicitly in isolation with RUN_RESTART_TEST=1 and -n 0.">/app/backend/tests/test_trading_mode_toggle.py:180: Restarts the shared backend via supervisor - disruptive to other tests running concurrently under the default -n 2 xdist workers. Run explicitly in isolation with RUN_RESTART_TEST=1 and -n 0.</skipped></testcase><testcase classname="tests.test_chart_bars_fix.TestCalendarDayPaddingScaling" name="test_limit_scales_with_request" time="1.828" /><testcase classname="tests.test_first_pullback_strategy.TestTwoToOneTarget" name="test_target_is_entry_plus_2x_structural_risk" time="0.001" /></testsuite></testsuites>