<?xml version="1.0" encoding="utf-8"?><testsuites name="pytest tests"><testsuite name="pytest" errors="20" failures="0" skipped="1" tests="123" time="27.300" timestamp="2026-07-21T21:38:55.711759+00:00" hostname="agent-env-afecfab5-c7a4-4bb0-8ad4-da9947875b91"><testcase classname="" name="tests.test_auth_and_account_safety" time="0.000"><error message="collection failure">tests/test_auth_and_account_safety.py:21: in &lt;module&gt;
    BASE_URL = os.environ.get('REACT_APP_BACKEND_URL').rstrip('/')
               ^^^^^^^^^^^^^^^^^^^^^^^^^^^^^^^^^^^^^^^^^^^^^^
E   AttributeError: 'NoneType' object has no attribute 'rstrip'</error><error message="collection failure">tests/test_auth_and_account_safety.py:21: in &lt;module&gt;
    BASE_URL = os.environ.get('REACT_APP_BACKEND_URL').rstrip('/')
               ^^^^^^^^^^^^^^^^^^^^^^^^^^^^^^^^^^^^^^^^^^^^^^
E   AttributeError: 'NoneType' object has no attribute 'rstrip'</error></testcase><testcase classname="" name="tests.test_chart_bars_fix" time="0.000"><error message="collection failure">tests/test_chart_bars_fix.py:14: in &lt;module&gt;
    BASE_URL = os.environ.get('REACT_APP_BACKEND_URL').rstrip('/')
               ^^^^^^^^^^^^^^^^^^^^^^^^^^^^^^^^^^^^^^^^^^^^^^
E   AttributeError: 'NoneType' object has no attribute 'rstrip'</error><error message="collection failure">tests/test_chart_bars_fix.py:14: in &lt;module&gt;
    BASE_URL = os.environ.get('REACT_APP_BACKEND_URL').rstrip('/')
               ^^^^^^^^^^^^^^^^^^^^^^^^^^^^^^^^^^^^^^^^^^^^^^
E   AttributeError: 'NoneType' object has no attribute 'rstrip'</error></testcase><testcase classname="" name="tests.test_dual_key_and_sizing" time="0.000"><error message="collection failure">tests/test_dual_key_and_sizing.py:12: in &lt;module&gt;
    BASE_URL = os.environ.get('REACT_APP_BACKEND_URL').rstrip('/')
               ^^^^^^^^^^^^^^^^^^^^^^^^^^^^^^^^^^^^^^^^^^^^^^
E   AttributeError: 'NoneType' object has no attribute 'rstrip'</error><error message="collection failure">tests/test_dual_key_and_sizing.py:12: in &lt;module&gt;
    BASE_URL = os.environ.get('REACT_APP_BACKEND_URL').rstrip('/')
               ^^^^^^^^^^^^^^^^^^^^^^^^^^^^^^^^^^^^^^^^^^^^^^
E   AttributeError: 'NoneType' object has no attribute 'rstrip'</error></testcase><testcase classname="" name="tests.test_float_and_analytics" time="0.000"><error message="collection failure">tests/test_float_and_analytics.py:11: in &lt;module&gt;
    BASE_URL = os.environ.get('REACT_APP_BACKEND_URL').rstrip('/')
               ^^^^^^^^^^^^^^^^^^^^^^^^^^^^^^^^^^^^^^^^^^^^^^
E   AttributeError: 'NoneType' object has no attribute 'rstrip'</error><error message="collection failure">tests/test_float_and_analytics.py:11: in &lt;module&gt;
    BASE_URL = os.environ.get('REACT_APP_BACKEND_URL').rstrip('/')
               ^^^^^^^^^^^^^^^^^^^^^^^^^^^^^^^^^^^^^^^^^^^^^^
E   AttributeError: 'NoneType' object has no attribute 'rstrip'</error></testcase><testcase classname="" name="tests.test_hod_psych_topping_tail_strategy" time="0.000"><error message="collection failure">tests/test_hod_psych_topping_tail_strategy.py:18: in &lt;module&gt;
    BASE_URL = os.environ.get('REACT_APP_BACKEND_URL').rstrip('/')
               ^^^^^^^^^^^^^^^^^^^^^^^^^^^^^^^^^^^^^^^^^^^^^^
E   AttributeError: 'NoneType' object has no attribute 'rstrip'</error><error message="collection failure">tests/test_hod_psych_topping_tail_strategy.py:18: in &lt;module&gt;
    BASE_URL = os.environ.get('REACT_APP_BACKEND_URL').rstrip('/')
               ^^^^^^^^^^^^^^^^^^^^^^^^^^^^^^^^^^^^^^^^^^^^^^
E   AttributeError: 'NoneType' object has no attribute 'rstrip'</error></testcase><testcase classname="" name="tests.test_market_data_stream" time="0.000"><error message="collection failure">tests/test_market_data_stream.py:17: in &lt;module&gt;
    BASE_URL = os.environ.get('REACT_APP_BACKEND_URL').rstrip('/')
               ^^^^^^^^^^^^^^^^^^^^^^^^^^^^^^^^^^^^^^^^^^^^^^
E   AttributeError: 'NoneType' object has no attribute 'rstrip'</error><error message="collection failure">tests/test_market_data_stream.py:17: in &lt;module&gt;
    BASE_URL = os.environ.get('REACT_APP_BACKEND_URL').rstrip('/')
               ^^^^^^^^^^^^^^^^^^^^^^^^^^^^^^^^^^^^^^^^^^^^^^
E   AttributeError: 'NoneType' object has no attribute 'rstrip'</error></testcase><testcase classname="" name="tests.test_rr_sell_smoke" time="0.000"><error message="collection failure">tests/test_rr_sell_smoke.py:11: in &lt;module&gt;
    BASE_URL = os.environ.get('REACT_APP_BACKEND_URL').rstrip('/')
               ^^^^^^^^^^^^^^^^^^^^^^^^^^^^^^^^^^^^^^^^^^^^^^
E   AttributeError: 'NoneType' object has no attribute 'rstrip'</error><error message="collection failure">tests/test_rr_sell_smoke.py:11: in &lt;module&gt;
    BASE_URL = os.environ.get('REACT_APP_BACKEND_URL').rstrip('/')
               ^^^^^^^^^^^^^^^^^^^^^^^^^^^^^^^^^^^^^^^^^^^^^^
E   AttributeError: 'NoneType' object has no attribute 'rstrip'</error></testcase><testcase classname="" name="tests.test_security_and_trading" time="0.000"><error message="collection failure">tests/test_security_and_trading.py:19: in &lt;module&gt;
    BASE_URL = os.environ.get('REACT_APP_BACKEND_URL').rstrip('/')
               ^^^^^^^^^^^^^^^^^^^^^^^^^^^^^^^^^^^^^^^^^^^^^^
E   AttributeError: 'NoneType' object has no attribute 'rstrip'</error><error message="collection failure">tests/test_security_and_trading.py:19: in &lt;module&gt;
    BASE_URL = os.environ.get('REACT_APP_BACKEND_URL').rstrip('/')
               ^^^^^^^^^^^^^^^^^^^^^^^^^^^^^^^^^^^^^^^^^^^^^^
E   AttributeError: 'NoneType' object has no attribute 'rstrip'</error></testcase><testcase classname="" name="tests.test_stop_loss_dedup_fix" time="0.000"><error message="collection failure">tests/test_stop_loss_dedup_fix.py:31: in &lt;module&gt;
    BASE_URL = os.environ.get('REACT_APP_BACKEND_URL').rstrip('/')
               ^^^^^^^^^^^^^^^^^^^^^^^^^^^^^^^^^^^^^^^^^^^^^^
E   AttributeError: 'NoneType' object has no attribute 'rstrip'</error><error message="collection failure">tests/test_stop_loss_dedup_fix.py:31: in &lt;module&gt;
    BASE_URL = os.environ.get('REACT_APP_BACKEND_URL').rstrip('/')
               ^^^^^^^^^^^^^^^^^^^^^^^^^^^^^^^^^^^^^^^^^^^^^^
E   AttributeError: 'NoneType' object has no attribute 'rstrip'</error></testcase><testcase classname="" name="tests.test_trading_mode_toggle" time="0.000"><error message="collection failure">tests/test_trading_mode_toggle.py:15: in &lt;module&gt;
    BASE_URL = os.environ.get('REACT_APP_BACKEND_URL').rstrip('/')
               ^^^^^^^^^^^^^^^^^^^^^^^^^^^^^^^^^^^^^^^^^^^^^^
E   AttributeError: 'NoneType' object has no attribute 'rstrip'</error><error message="collection failure">tests/test_trading_mode_toggle.py:15: in &lt;module&gt;
    BASE_URL = os.environ.get('REACT_APP_BACKEND_URL').rstrip('/')
               ^^^^^^^^^^^^^^^^^^^^^^^^^^^^^^^^^^^^^^^^^^^^^^
E   AttributeError: 'NoneType' object has no attribute 'rstrip'</error></testcase><testcase classname="tests.test_news_sort_and_neutral_tier.TestCheckAlpacaNewsSorting" name="test_articles_sorted_desc_by_score[AAPL]" time="0.151" /><testcase classname="tests.test_news_sort_and_neutral_tier.TestCheckAlpacaNewsSorting" name="test_articles_sorted_desc_by_score[NVDA]" time="0.106" /><testcase classname="tests.test_news_sort_and_neutral_tier.TestCheckAlpacaNewsSorting" name="test_articles_sorted_desc_by_score[TSLA]" time="0.029" /><testcase classname="tests.test_news_sort_and_neutral_tier.TestCheckAlpacaNewsSorting" name="test_articles_sorted_desc_by_score[AMD]" time="0.031" /><testcase classname="tests.test_news_sort_and_neutral_tier.TestCheckAlpacaNewsSorting" name="test_zero_score_articles_are_neutral[AAPL]" time="0.031" /><testcase classname="tests.test_news_sort_and_neutral_tier.TestCheckAlpacaNewsSorting" name="test_zero_score_articles_are_neutral[NVDA]" time="0.031" /><testcase classname="tests.test_news_sort_and_neutral_tier.TestCheckAlpacaNewsSorting" name="test_zero_score_articles_are_neutral[TSLA]" time="0.029" /><testcase classname="tests.test_news_sort_and_neutral_tier.TestCheckAlpacaNewsSorting" name="test_zero_score_articles_are_neutral[AMD]" time="0.030" /><testcase classname="tests.test_first_pullback_strategy.TestFirstPullbackPattern" name="test_valid_first_pullback_2_red_candles" time="0.001" /><testcase classname="tests.test_first_pullback_strategy.TestFirstPullbackPattern" name="test_50pct_rule_rejects_deep_retracement" time="0.001" /><testcase classname="tests.test_first_pullback_strategy.TestFirstPullbackPattern" name="test_breakout_must_exceed_prior_candle_high" time="0.000" /><testcase classname="tests.test_first_pullback_strategy.TestFirstPullbackPattern" name="test_too_many_red_candles_invalid" time="0.000" /><testcase classname="tests.test_first_pullback_strategy.TestFirstPullbackPattern" name="test_no_red_candles_before_latest_bar_invalid" time="0.000" /><testcase classname="tests.test_first_pullback_strategy.TestFirstPullbackPattern" name="test_stop_loss_is_structural_pullback_low_not_a_flat_pct" time="0.000" /><testcase classname="tests.test_news_sort_and_neutral_tier.TestNewsDisplayEndpointSorting" name="test_endpoint_returns_non_increasing_scores[NVDA]" time="1.001" /><testcase classname="tests.test_news_min_score_fix.TestNewsDisplayEndpoint" name="test_liquid_symbol_returns_real_news[AAPL]" time="0.666" /><testcase classname="tests.test_news_sort_and_neutral_tier.TestNewsDisplayEndpointSorting" name="test_endpoint_returns_non_increasing_scores[AMZN]" time="0.147" /><testcase classname="tests.test_news_min_score_fix.TestNewsDisplayEndpoint" name="test_liquid_symbol_returns_real_news[TSLA]" time="0.210" /><testcase classname="tests.test_news_sort_and_neutral_tier.TestNewsDisplayEndpointSorting" name="test_endpoint_returns_non_increasing_scores[TSLA]" time="0.228" /><testcase classname="tests.test_news_min_score_fix.TestNewsDisplayEndpoint" name="test_liquid_symbol_returns_real_news[NVDA]" time="0.178" /><testcase classname="tests.test_news_sort_and_neutral_tier.TestNewsDisplayEndpointSorting" name="test_endpoint_returns_non_increasing_scores[AAPL]" time="0.164" /><testcase classname="tests.test_news_min_score_fix.TestNewsDisplayEndpoint" name="test_liquid_symbol_returns_real_news[AMD]" time="0.309" /><testcase classname="tests.test_news_sort_and_neutral_tier.TestNewsDisplayEndpointSorting" name="test_endpoint_returns_non_increasing_scores[AMD]" time="0.146" /><testcase classname="tests.test_news_sort_and_neutral_tier.TestNewsDisplayEndpointSorting" name="test_endpoint_returns_non_increasing_scores[META]" time="0.159" /><testcase classname="tests.test_news_min_score_fix.TestNewsDisplayEndpoint" name="test_news_source_field_present_when_has_news" time="0.145" /><testcase classname="tests.test_news_sort_and_neutral_tier.TestNewsDisplayEndpointSorting" name="test_endpoint_returns_non_increasing_scores[GOOGL]" time="0.161" /><testcase classname="tests.test_news_min_score_fix.TestNewsDisplayEndpoint" name="test_requires_auth" time="0.120" /><testcase classname="tests.test_news_sort_and_neutral_tier.TestNewsDisplayEndpointSorting" name="test_auto_trader_strict_path_unaffected" time="0.002" /><testcase classname="tests.test_auto_trader_exit_logic.TestTradingHours" name="test_is_trading_hours_method_exists" time="0.000" /><testcase classname="tests.test_auto_trader_exit_logic.TestTradingHours" name="test_trading_hours_returns_boolean" time="0.008" /><testcase classname="tests.test_auto_trader_exit_logic.TestTradingHours" name="test_trading_hours_false_on_saturday" time="0.001" /><testcase classname="tests.test_auto_trader_exit_logic.TestTradingHours" name="test_trading_hours_false_on_sunday" time="0.001" /><testcase classname="tests.test_auto_trader_exit_logic.TestTradingHours" name="test_trading_hours_true_on_weekday_during_window" time="0.001" /><testcase classname="tests.test_auto_trader_exit_logic.TestNoReEntryRule" name="test_exited_today_initialized_empty" time="0.000" /><testcase classname="tests.test_auto_trader_exit_logic.TestNoReEntryRule" name="test_exited_today_cleared_on_daily_reset" time="0.000" /><testcase classname="tests.test_auto_trader_exit_logic.TestNoReEntryRule" name="test_symbol_blocked_after_exit" time="0.000" /><testcase classname="tests.test_auto_trader_exit_logic.TestNoReEntryRule" name="test_check_entry_signals_skips_exited_stocks" time="0.000" /><testcase classname="tests.test_no_news_scalp_mode.TestNoNewsScalpEntryGating" name="test_disabled_by_default_returns_none" time="0.001" /><testcase classname="tests.test_no_news_scalp_mode.TestNoNewsScalpEntryGating" name="test_enabled_but_not_a_candidate_returns_none" time="0.001" /><testcase classname="tests.test_no_news_scalp_mode.TestNoNewsScalpEntryGating" name="test_already_open_position_returns_none" time="0.001" /><testcase classname="tests.test_no_news_scalp_mode.TestNoNewsScalpEntryGating" name="test_exited_today_returns_none" time="0.001" /><testcase classname="tests.test_no_news_scalp_mode.TestNoNewsScalpEntryGating" name="test_valid_pattern_within_tiered_stop_returns_signal" time="0.001" /><testcase classname="tests.test_no_news_scalp_mode.TestNoNewsScalpEntryGating" name="test_structural_stop_too_far_for_tier_skips" time="0.001" /><testcase classname="tests.test_news_min_score_fix.TestScoreHeadlineMinScore" name="test_weak_headline_rejected_at_default_strict_bar" time="0.000" /><testcase classname="tests.test_news_min_score_fix.TestScoreHeadlineMinScore" name="test_weak_headline_accepted_with_min_score_zero" time="0.000" /><testcase classname="tests.test_news_min_score_fix.TestScoreHeadlineMinScore" name="test_strong_catalyst_headline_passes_both_bars" time="0.000" /><testcase classname="tests.test_news_min_score_fix.TestScoreHeadlineMinScore" name="test_negative_headline_rejected_regardless_of_min_score" time="0.000" /><testcase classname="tests.test_news_sort_and_neutral_tier.TestScoreHeadlineNeutralTier" name="test_zero_score_headline_is_neutral_not_weak" time="0.000" /><testcase classname="tests.test_news_sort_and_neutral_tier.TestScoreHeadlineNeutralTier" name="test_weak_tier_score_2_to_4_is_weak" time="0.000" /><testcase classname="tests.test_news_sort_and_neutral_tier.TestScoreHeadlineNeutralTier" name="test_momentum_tier_score_5_to_9_is_momentum" time="0.000" /><testcase classname="tests.test_news_sort_and_neutral_tier.TestScoreHeadlineNeutralTier" name="test_strong_catalyst_tier_score_10_plus" time="0.000" /><testcase classname="tests.test_no_news_scalp_mode.TestNoNewsScalpCandidateFlag" name="test_4_of_5_no_news_is_candidate" time="0.000" /><testcase classname="tests.test_no_news_scalp_mode.TestNoNewsScalpCandidateFlag" name="test_5_of_5_with_news_is_not_candidate" time="0.000" /><testcase classname="tests.test_no_news_scalp_mode.TestNoNewsScalpCandidateFlag" name="test_4_of_5_missing_a_different_pillar_is_not_candidate" time="0.000" /><testcase classname="tests.test_no_news_scalp_mode.TestNoNewsScalpCandidateFlag" name="test_3_of_5_no_news_is_not_candidate" time="0.000" /><testcase classname="tests.test_no_news_scalp_mode.TestNoNewsMaxStopPct" name="test_tier_2_to_5" time="0.000" /><testcase classname="tests.test_no_news_scalp_mode.TestNoNewsMaxStopPct" name="test_tier_5_to_10" time="0.000" /><testcase classname="tests.test_no_news_scalp_mode.TestNoNewsMaxStopPct" name="test_tier_10_to_20" time="0.000" /><testcase classname="tests.test_no_news_scalp_mode.TestNoNewsMaxStopPct" name="test_at_20_uses_last_tier" time="0.000" /><testcase classname="tests.test_alpaca_news.TestAlpacaNewsAccess" name="test_news_client_configured" time="0.000" /><testcase classname="tests.test_alpaca_news.TestAlpacaNewsAccess" name="test_check_alpaca_news_returns_correct_shape" time="0.030" /><testcase classname="tests.test_alpaca_news.TestAlpacaNewsAccess" name="test_alpaca_news_finds_a_real_strong_catalyst_headline" time="0.126"><skipped type="pytest.skip" message="No strong-catalyst headline in the current live feed to test against">/app/backend/tests/test_alpaca_news.py:65: No strong-catalyst headline in the current live feed to test against</skipped></testcase><testcase classname="tests.test_auto_trader_exit_logic.TestTrailingStopLogic" name="test_trailing_stop_initial_calculation" time="0.000" /><testcase classname="tests.test_auto_trader_exit_logic.TestTrailingStopLogic" name="test_trailing_stop_updates_on_price_increase" time="0.000" /><testcase classname="tests.test_auto_trader_exit_logic.TestTrailingStopLogic" name="test_trailing_stop_never_moves_down" time="0.000" /><testcase classname="tests.test_auto_trader_exit_logic.TestRiskLimits" name="test_daily_max_loss_blocks_trading" time="0.000" /><testcase classname="tests.test_auto_trader_exit_logic.TestRiskLimits" name="test_consecutive_losses_blocks_trading" time="0.000" /><testcase classname="tests.test_auto_trader_exit_logic.TestRiskLimits" name="test_risk_ok_when_within_limits" time="0.000" /><testcase classname="tests.test_margin_and_stream_priority.TestMarketStreamStatusAndPriority" name="test_stream_status_endpoint_shape" time="0.653" /><testcase classname="tests.test_dashboard_market_endpoints.TestTenSecBars" name="test_10sec_bars_graceful_no_data" time="0.485" /><testcase classname="tests.test_margin_and_stream_priority.TestMarketStreamStatusAndPriority" name="test_10sec_bars_marks_symbol_priority" time="1.794" /><testcase classname="tests.test_dashboard_market_endpoints.TestTenSecBars" name="test_1min_bars_use_rest_fallback" time="0.483" /><testcase classname="tests.test_dashboard_market_endpoints.TestTenSecBars" name="test_1day_bars_real_data" time="0.216" /><testcase classname="tests.test_first_pullback_strategy.TestBreakoutOrBailout" name="test_bailout_triggers_after_grace_period_if_not_profitable" time="0.000" /><testcase classname="tests.test_first_pullback_strategy.TestBreakoutOrBailout" name="test_bailout_does_not_trigger_within_grace_period" time="0.000" /><testcase classname="tests.test_first_pullback_strategy.TestBreakoutOrBailout" name="test_bailout_does_not_trigger_if_already_profitable" time="0.000" /><testcase classname="tests.test_margin_and_stream_priority.TestAccountMarginBuyingPower" name="test_account_has_margin_buying_power_field" time="0.513" /><testcase classname="tests.test_margin_and_stream_priority.TestAccountMarginBuyingPower" name="test_margin_buying_power_is_max_of_the_two" time="0.108" /><testcase classname="tests.test_margin_and_stream_priority.TestAccountMarginBuyingPower" name="test_margin_buying_power_never_negative" time="0.090" /><testcase classname="tests.test_margin_and_stream_priority.TestRegression" name="test_scanner_momentum_endpoint" time="15.075" /><testcase classname="tests.test_margin_and_stream_priority.TestMarketStreamStatusAndPriority" name="test_1min_bars_also_marks_priority" time="1.974" /><testcase classname="tests.test_margin_and_stream_priority.TestMarketStreamStatusAndPriority" name="test_bulk_eviction_does_not_crash_and_stays_under_cap" time="17.842" /><testcase classname="tests.test_margin_and_stream_priority.TestRegression" name="test_positions_endpoint" time="0.104" /><testcase classname="tests.test_margin_and_stream_priority.TestRegression" name="test_market_status_endpoint" time="0.070" /><testcase classname="tests.test_auto_trader_exit_logic.TestPartialSellLogic" name="test_partial_sell_triggered_at_profit_target" time="0.000" /><testcase classname="tests.test_auto_trader_exit_logic.TestPartialSellLogic" name="test_stop_moves_to_breakeven_after_partial_sell" time="0.000" /><testcase classname="tests.test_auto_trader_exit_logic.TestPositionSizing" name="test_position_size_calculation" time="0.000" /><testcase classname="tests.test_auto_trader_exit_logic.TestPositionSizing" name="test_position_size_minimum_one_share" time="0.000" /><testcase classname="tests.test_dashboard_market_endpoints.TestLargeTrades" name="test_large_trades_shape_ok" time="0.456" /><testcase classname="tests.test_dashboard_market_endpoints.TestLargeTrades" name="test_large_trades_no_500_for_unknown_symbol" time="0.064" /><testcase classname="tests.test_dashboard_market_endpoints.TestNewsEndpoint" name="test_news_shape_ok" time="0.119" /><testcase classname="tests.test_dashboard_market_endpoints.TestNewsEndpoint" name="test_news_no_500_for_unknown_symbol" time="0.437" /><testcase classname="tests.test_first_pullback_strategy.TestMaxStopDistanceSafetyCap" name="test_stop_within_cap_is_acceptable" time="0.000" /><testcase classname="tests.test_first_pullback_strategy.TestMaxStopDistanceSafetyCap" name="test_stop_beyond_cap_should_be_rejected" time="0.000" /><testcase classname="tests.test_margin_and_stream_priority.TestAutoTraderStatusAndProcessUseMargin" name="test_auto_trader_status_no_crash" time="0.463" /><testcase classname="tests.test_margin_and_stream_priority.TestAutoTraderStatusAndProcessUseMargin" name="test_auto_trader_process_no_crash" time="0.071" /><testcase classname="tests.test_no_news_scalp_mode.TestNoNewsScalpExecution" name="test_position_size_reduced_and_strategy_tagged" time="0.001" /><testcase classname="tests.test_no_news_scalp_mode.TestNoNewsScalpExecution" name="test_normal_entry_not_reduced_and_tagged_normally" time="0.001" /><testcase classname="tests.test_first_pullback_strategy.TestTwoToOneTarget" name="test_target_is_entry_plus_2x_structural_risk" time="0.000" /><testcase classname="tests.test_no_news_scalp_mode.TestNoNewsScalpBailoutTiming" name="test_bailout_seconds_selection_logic" time="0.000" /><testcase classname="tests.test_news_min_score_fix.TestCheckAlpacaNewsMinScoreDecoupling" name="test_default_call_signature_unchanged_min_score_10" time="0.000" /><testcase classname="tests.test_news_min_score_fix.TestCheckAlpacaNewsMinScoreDecoupling" name="test_default_vs_relaxed_min_score_can_differ_for_liquid_symbol" time="0.239" /><testcase classname="tests.test_news_min_score_fix.TestCheckAlpacaNewsMinScoreDecoupling" name="test_scan_stocks_news_check_site_uses_strict_default" time="0.001" /></testsuite></testsuites>