<?xml version="1.0" encoding="utf-8"?><testsuites name="pytest tests"><testsuite name="pytest" errors="0" failures="0" skipped="0" tests="15" time="3.003" timestamp="2026-07-20T19:49:18.684837+00:00" hostname="agent-env-afecfab5-c7a4-4bb0-8ad4-da9947875b91"><testcase classname="tests.test_stop_loss_dedup_fix.TestSellWithDedup" name="test_fresh_pending_order_skips_resubmit" time="0.003" /><testcase classname="tests.test_stop_loss_dedup_fix.TestSellWithDedup" name="test_stale_pending_order_cancelled_and_replaced" time="0.018" /><testcase classname="tests.test_stop_loss_dedup_fix.TestSellWithDedup" name="test_no_open_orders_places_sell_directly" time="0.002" /><testcase classname="tests.test_stop_loss_dedup_fix.TestSellWithDedup" name="test_ignores_open_buy_orders_only_checks_sell" time="0.002" /><testcase classname="tests.test_stop_loss_dedup_fix.TestSellWithDedup" name="test_get_open_orders_exception_falls_back_to_place_order" time="0.002" /><testcase classname="tests.test_stop_loss_dedup_fix.TestReactiveForceCancelOnInsufficientQty" name="test_insufficient_qty_rejection_force_cancels_and_retries" time="0.002" /><testcase classname="tests.test_stop_loss_dedup_fix.TestReactiveForceCancelOnInsufficientQty" name="test_unrelated_exception_propagates_unchanged" time="0.002" /><testcase classname="tests.test_stop_loss_dedup_fix.TestReactiveForceCancelOnInsufficientQty" name="test_retry_also_fails_raises_not_swallowed" time="0.002" /><testcase classname="tests.test_stop_loss_dedup_fix.TestReactiveForceCancelOnInsufficientQty" name="test_only_sell_side_orders_force_cancelled_not_buy" time="0.002" /><testcase classname="tests.test_stop_loss_dedup_fix.TestOrdersStatusRegression" name="test_get_orders_status_returns_200[open]" time="0.583" /><testcase classname="tests.test_stop_loss_dedup_fix.TestOrdersStatusRegression" name="test_get_orders_status_returns_200[new]" time="0.149" /><testcase classname="tests.test_stop_loss_dedup_fix.TestOrdersStatusRegression" name="test_get_orders_status_returns_200[closed]" time="0.158" /><testcase classname="tests.test_stop_loss_dedup_fix.TestOrdersStatusRegression" name="test_get_orders_status_returns_200[all]" time="0.161" /><testcase classname="tests.test_stop_loss_dedup_fix.TestOrdersStatusRegression" name="test_get_orders_status_returns_200[bogus_status_xyz]" time="0.160" /><testcase classname="tests.test_stop_loss_dedup_fix.TestOrdersStatusRegression" name="test_get_orders_default_no_status_param" time="0.135" /></testsuite></testsuites>