<?xml version="1.0" encoding="utf-8"?><testsuites name="pytest tests"><testsuite name="pytest" errors="2" failures="0" skipped="0" tests="18" time="3.105" timestamp="2026-07-10T14:39:43.998231+00:00" hostname="agent-env-afecfab5-c7a4-4bb0-8ad4-da9947875b91"><testcase classname="" name="tests.test_security_and_trading" time="0.000"><error message="collection failure">tests/test_security_and_trading.py:19: in &lt;module&gt;
    BASE_URL = os.environ.get('REACT_APP_BACKEND_URL').rstrip('/')
               ^^^^^^^^^^^^^^^^^^^^^^^^^^^^^^^^^^^^^^^^^^^^^^
E   AttributeError: 'NoneType' object has no attribute 'rstrip'</error><error message="collection failure">tests/test_security_and_trading.py:19: in &lt;module&gt;
    BASE_URL = os.environ.get('REACT_APP_BACKEND_URL').rstrip('/')
               ^^^^^^^^^^^^^^^^^^^^^^^^^^^^^^^^^^^^^^^^^^^^^^
E   AttributeError: 'NoneType' object has no attribute 'rstrip'</error></testcase><testcase classname="tests.test_auto_trader_exit_logic.TestTrailingStopLogic" name="test_trailing_stop_initial_calculation" time="0.001" /><testcase classname="tests.test_auto_trader_exit_logic.TestNoReEntryRule" name="test_exited_today_initialized_empty" time="0.001" /><testcase classname="tests.test_auto_trader_exit_logic.TestNoReEntryRule" name="test_exited_today_cleared_on_daily_reset" time="0.042" /><testcase classname="tests.test_auto_trader_exit_logic.TestTrailingStopLogic" name="test_trailing_stop_updates_on_price_increase" time="0.000" /><testcase classname="tests.test_auto_trader_exit_logic.TestTrailingStopLogic" name="test_trailing_stop_never_moves_down" time="0.000" /><testcase classname="tests.test_auto_trader_exit_logic.TestRiskLimits" name="test_daily_max_loss_blocks_trading" time="0.000" /><testcase classname="tests.test_auto_trader_exit_logic.TestRiskLimits" name="test_consecutive_losses_blocks_trading" time="0.000" /><testcase classname="tests.test_auto_trader_exit_logic.TestRiskLimits" name="test_risk_ok_when_within_limits" time="0.000" /><testcase classname="tests.test_auto_trader_exit_logic.TestPartialSellLogic" name="test_partial_sell_triggered_at_profit_target" time="0.000" /><testcase classname="tests.test_auto_trader_exit_logic.TestPartialSellLogic" name="test_stop_moves_to_breakeven_after_partial_sell" time="0.000" /><testcase classname="tests.test_auto_trader_exit_logic.TestPositionSizing" name="test_position_size_calculation" time="0.000" /><testcase classname="tests.test_auto_trader_exit_logic.TestPositionSizing" name="test_position_size_minimum_one_share" time="0.000" /><testcase classname="tests.test_auto_trader_exit_logic.TestTradingHours" name="test_is_trading_hours_method_exists" time="0.000" /><testcase classname="tests.test_auto_trader_exit_logic.TestTradingHours" name="test_trading_hours_returns_boolean" time="0.035" /><testcase classname="tests.test_auto_trader_exit_logic.TestNoReEntryRule" name="test_symbol_blocked_after_exit" time="0.023" /><testcase classname="tests.test_auto_trader_exit_logic.TestNoReEntryRule" name="test_check_entry_signals_skips_exited_stocks" time="0.000" /></testsuite></testsuites>