<?xml version="1.0" encoding="utf-8"?><testsuites name="pytest tests"><testsuite name="pytest" errors="0" failures="0" skipped="0" tests="12" time="63.794" timestamp="2026-07-16T16:44:37.995341+00:00" hostname="agent-env-afecfab5-c7a4-4bb0-8ad4-da9947875b91"><testcase classname="tests.test_margin_and_stream_priority.TestMarketStreamStatusAndPriority" name="test_stream_status_endpoint_shape" time="0.641" /><testcase classname="tests.test_margin_and_stream_priority.TestMarketStreamStatusAndPriority" name="test_10sec_bars_marks_symbol_priority" time="1.632" /><testcase classname="tests.test_margin_and_stream_priority.TestAccountMarginBuyingPower" name="test_account_has_margin_buying_power_field" time="0.749" /><testcase classname="tests.test_margin_and_stream_priority.TestAccountMarginBuyingPower" name="test_margin_buying_power_is_max_of_the_two" time="0.097" /><testcase classname="tests.test_margin_and_stream_priority.TestAccountMarginBuyingPower" name="test_margin_buying_power_never_negative" time="0.094" /><testcase classname="tests.test_margin_and_stream_priority.TestRegression" name="test_scanner_momentum_endpoint" time="5.424" /><testcase classname="tests.test_margin_and_stream_priority.TestMarketStreamStatusAndPriority" name="test_1min_bars_also_marks_priority" time="3.510" /><testcase classname="tests.test_margin_and_stream_priority.TestMarketStreamStatusAndPriority" name="test_bulk_eviction_does_not_crash_and_stays_under_cap" time="57.218" /><testcase classname="tests.test_margin_and_stream_priority.TestRegression" name="test_positions_endpoint" time="0.134" /><testcase classname="tests.test_margin_and_stream_priority.TestRegression" name="test_market_status_endpoint" time="0.064" /><testcase classname="tests.test_margin_and_stream_priority.TestAutoTraderStatusAndProcessUseMargin" name="test_auto_trader_status_no_crash" time="0.091" /><testcase classname="tests.test_margin_and_stream_priority.TestAutoTraderStatusAndProcessUseMargin" name="test_auto_trader_process_no_crash" time="0.058" /></testsuite></testsuites>